<?xml version="1.0" encoding="UTF-8"?>
<!-- Generated by org.testng.reporters.JUnitXMLReporter -->
<testsuite hostname="DESKTOP-AL9GHFP" ignored="3" name="Campus Oil Test Suite(failed)" tests="9" failures="0" timestamp="25 Jul 2019 15:12:33 GMT" time="0.254" errors="0">
  <testcase name="@BeforeMethod setUp" time="0.112" classname="com.campus.qa.testcases.HomePageTest">
    <failure type="java.lang.NullPointerException">
      <![CDATA[java.lang.NullPointerException
	at org.openqa.selenium.support.events.EventFiringWebDriver.extractInterfaces(EventFiringWebDriver.java:120)
	at org.openqa.selenium.support.events.EventFiringWebDriver.<init>(EventFiringWebDriver.java:94)
	at com.campusOil.qa.base.TestBase.intialization(TestBase.java:71)
	at com.campus.qa.testcases.HomePageTest.setUp(HomePageTest.java:30)
... Removed 27 stack frames]]>
    </failure>
  </testcase> <!-- @BeforeMethod setUp -->
  <testcase name="@BeforeMethod setUp" time="0.001" classname="com.campus.qa.testcases.LoginPageTest">
    <failure type="java.lang.NullPointerException">
      <![CDATA[java.lang.NullPointerException
	at org.openqa.selenium.support.events.EventFiringWebDriver.extractInterfaces(EventFiringWebDriver.java:120)
	at org.openqa.selenium.support.events.EventFiringWebDriver.<init>(EventFiringWebDriver.java:94)
	at com.campusOil.qa.base.TestBase.intialization(TestBase.java:71)
	at com.campus.qa.testcases.LoginPageTest.setUp(LoginPageTest.java:33)
... Removed 27 stack frames]]>
    </failure>
  </testcase> <!-- @BeforeMethod setUp -->
  <testcase name="@BeforeMethod setUp" time="0.0" classname="com.campus.qa.testcases.HomePageTest">
    <skipped/>
  </testcase> <!-- @BeforeMethod setUp -->
  <testcase name="@BeforeMethod setUp" time="0.0" classname="com.campus.qa.testcases.LoginPageTest">
    <skipped/>
  </testcase> <!-- @BeforeMethod setUp -->
  <testcase name="@BeforeMethod setUp" time="0.0" classname="com.campus.qa.testcases.HomePageTest">
    <skipped/>
  </testcase> <!-- @BeforeMethod setUp -->
  <testcase name="@BeforeMethod setUp" time="0.0" classname="com.campus.qa.testcases.LoginPageTest">
    <skipped/>
  </testcase> <!-- @BeforeMethod setUp -->
  <testcase name="@BeforeMethod setUp" time="0.0" classname="com.campus.qa.testcases.HomePageTest">
    <skipped/>
  </testcase> <!-- @BeforeMethod setUp -->
  <testcase name="@BeforeMethod setUp" time="0.0" classname="com.campus.qa.testcases.LoginPageTest">
    <skipped/>
  </testcase> <!-- @BeforeMethod setUp -->
  <testcase name="@BeforeMethod setUp" time="0.0" classname="com.campus.qa.testcases.HomePageTest">
    <skipped/>
  </testcase> <!-- @BeforeMethod setUp -->
  <testcase name="verifyLogoTest" time="0.001" classname="com.campus.qa.testcases.HomePageTest">
    <skipped/>
  </testcase> <!-- verifyLogoTest -->
  <testcase name="VerifyloginPageTitleTest" time="0.0" classname="com.campus.qa.testcases.LoginPageTest">
    <skipped/>
  </testcase> <!-- VerifyloginPageTitleTest -->
  <testcase name="verifyHomepageLinks" time="0.0" classname="com.campus.qa.testcases.HomePageTest">
    <skipped/>
  </testcase> <!-- verifyHomepageLinks -->
  <testcase name="VerifycampusLogoTest" time="0.0" classname="com.campus.qa.testcases.LoginPageTest">
    <skipped/>
  </testcase> <!-- VerifycampusLogoTest -->
  <testcase name="verifyPageHeaderBannerLinks" time="0.0" classname="com.campus.qa.testcases.HomePageTest">
    <skipped/>
  </testcase> <!-- verifyPageHeaderBannerLinks -->
  <testcase name="VerifyclickLoginnowTest" time="0.0" classname="com.campus.qa.testcases.LoginPageTest">
    <skipped/>
  </testcase> <!-- VerifyclickLoginnowTest -->
  <testcase name="verifyPageFooterLogoTest" time="0.0" classname="com.campus.qa.testcases.HomePageTest">
    <skipped/>
  </testcase> <!-- verifyPageFooterLogoTest -->
  <testcase name="VerifyloginTest" time="0.0" classname="com.campus.qa.testcases.LoginPageTest">
    <skipped/>
  </testcase> <!-- VerifyloginTest -->
  <testcase name="verifyTitle" time="0.0" classname="com.campus.qa.testcases.HomePageTest">
    <skipped/>
  </testcase> <!-- verifyTitle -->
  <testcase name="verifyOrderFormpageLinkTest" time="0.0" classname="com.campus.qa.testcases.HomePageTest">
    <ignored/>
  </testcase> <!-- verifyOrderFormpageLinkTest -->
  <testcase name="verifyNewsLinkTest" time="0.0" classname="com.campus.qa.testcases.HomePageTest">
    <ignored/>
  </testcase> <!-- verifyNewsLinkTest -->
  <testcase name="verifyAboutUSLinkTest" time="0.0" classname="com.campus.qa.testcases.HomePageTest">
    <ignored/>
  </testcase> <!-- verifyAboutUSLinkTest -->
</testsuite> <!-- Campus Oil Test Suite(failed) -->
