{"name":"Verifying the registered user to place the order","status":"broken","statusDetails":{"known":false,"muted":false,"flaky":false,"message":"no such element: Unable to locate element: {\"method\":\"xpath\",\"selector\":\"//h2[contains(text(),'Thank you. Your order has been received.')]\"}\n  (Session info: chrome=76.0.3809.100)\nFor documentation on this error, please visit: http://seleniumhq.org/exceptions/no_such_element.html\nBuild info: version: '3.14.0', revision: 'aacccce0', time: '2018-08-02T20:19:58.91Z'\nSystem info: host: 'DESKTOP-AL9GHFP', ip: '10.0.75.1', os.name: 'Windows 10', os.arch: 'amd64', os.version: '10.0', java.version: '1.8.0_181'\nDriver info: org.openqa.selenium.chrome.ChromeDriver\nCapabilities {acceptInsecureCerts: false, browserName: chrome, browserVersion: 76.0.3809.100, chrome: {chromedriverVersion: 75.0.3770.90 (a6dcaf7e3ec6f..., userDataDir: C:\\Users\\dell\\AppData\\Local...}, goog:chromeOptions: {debuggerAddress: localhost:54104}, javascriptEnabled: true, networkConnectionEnabled: false, pageLoadStrategy: normal, platform: XP, platformName: XP, proxy: Proxy(), setWindowRect: true, strictFileInteractability: false, timeouts: {implicit: 0, pageLoad: 300000, script: 30000}, unhandledPromptBehavior: dismiss and notify}\nSession ID: 5a4a5da9330cd30a861365320d9c735a\n*** Element info: {Using=xpath, value=//h2[contains(text(),'Thank you. Your order has been received.')]}","trace":"org.openqa.selenium.NoSuchElementException: no such element: Unable to locate element: {\"method\":\"xpath\",\"selector\":\"//h2[contains(text(),'Thank you. Your order has been received.')]\"}\n  (Session info: chrome=76.0.3809.100)\nFor documentation on this error, please visit: http://seleniumhq.org/exceptions/no_such_element.html\nBuild info: version: '3.14.0', revision: 'aacccce0', time: '2018-08-02T20:19:58.91Z'\nSystem info: host: 'DESKTOP-AL9GHFP', ip: '10.0.75.1', os.name: 'Windows 10', os.arch: 'amd64', os.version: '10.0', java.version: '1.8.0_181'\nDriver info: org.openqa.selenium.chrome.ChromeDriver\nCapabilities {acceptInsecureCerts: false, browserName: chrome, browserVersion: 76.0.3809.100, chrome: {chromedriverVersion: 75.0.3770.90 (a6dcaf7e3ec6f..., userDataDir: C:\\Users\\dell\\AppData\\Local...}, goog:chromeOptions: {debuggerAddress: localhost:54104}, javascriptEnabled: true, networkConnectionEnabled: false, pageLoadStrategy: normal, platform: XP, platformName: XP, proxy: Proxy(), setWindowRect: true, strictFileInteractability: false, timeouts: {implicit: 0, pageLoad: 300000, script: 30000}, unhandledPromptBehavior: dismiss and notify}\nSession ID: 5a4a5da9330cd30a861365320d9c735a\n*** Element info: {Using=xpath, value=//h2[contains(text(),'Thank you. Your order has been received.')]}\r\n\tat sun.reflect.NativeConstructorAccessorImpl.newInstance0(Native Method)\r\n\tat sun.reflect.NativeConstructorAccessorImpl.newInstance(NativeConstructorAccessorImpl.java:62)\r\n\tat sun.reflect.DelegatingConstructorAccessorImpl.newInstance(DelegatingConstructorAccessorImpl.java:45)\r\n\tat java.lang.reflect.Constructor.newInstance(Constructor.java:423)\r\n\tat org.openqa.selenium.remote.http.W3CHttpResponseCodec.createException(W3CHttpResponseCodec.java:187)\r\n\tat org.openqa.selenium.remote.http.W3CHttpResponseCodec.decode(W3CHttpResponseCodec.java:122)\r\n\tat org.openqa.selenium.remote.http.W3CHttpResponseCodec.decode(W3CHttpResponseCodec.java:49)\r\n\tat org.openqa.selenium.remote.HttpCommandExecutor.execute(HttpCommandExecutor.java:158)\r\n\tat org.openqa.selenium.remote.service.DriverCommandExecutor.execute(DriverCommandExecutor.java:83)\r\n\tat org.openqa.selenium.remote.RemoteWebDriver.execute(RemoteWebDriver.java:548)\r\n\tat org.openqa.selenium.remote.RemoteWebDriver.findElement(RemoteWebDriver.java:322)\r\n\tat org.openqa.selenium.remote.RemoteWebDriver.findElementByXPath(RemoteWebDriver.java:424)\r\n\tat org.openqa.selenium.By$ByXPath.findElement(By.java:353)\r\n\tat org.openqa.selenium.remote.RemoteWebDriver.findElement(RemoteWebDriver.java:314)\r\n\tat sun.reflect.GeneratedMethodAccessor4.invoke(Unknown Source)\r\n\tat sun.reflect.DelegatingMethodAccessorImpl.invoke(DelegatingMethodAccessorImpl.java:43)\r\n\tat java.lang.reflect.Method.invoke(Method.java:498)\r\n\tat org.openqa.selenium.support.events.EventFiringWebDriver.lambda$new$1(EventFiringWebDriver.java:105)\r\n\tat com.sun.proxy.$Proxy12.findElement(Unknown Source)\r\n\tat org.openqa.selenium.support.events.EventFiringWebDriver.findElement(EventFiringWebDriver.java:194)\r\n\tat org.openqa.selenium.support.pagefactory.DefaultElementLocator.findElement(DefaultElementLocator.java:69)\r\n\tat org.openqa.selenium.support.pagefactory.internal.LocatingElementHandler.invoke(LocatingElementHandler.java:38)\r\n\tat com.sun.proxy.$Proxy16.isDisplayed(Unknown Source)\r\n\tat com.campusOil.qa.pages.PlaceOrderAsRegisteredUser.OrderConfirmationPage(PlaceOrderAsRegisteredUser.java:1104)\r\n\tat com.campus.qa.testcases.PlaceOrderAsRegisteredUserTest.ToPlaceAnOrderAsRegisteredUser(PlaceOrderAsRegisteredUserTest.java:191)\r\n\tat sun.reflect.NativeMethodAccessorImpl.invoke0(Native Method)\r\n\tat sun.reflect.NativeMethodAccessorImpl.invoke(NativeMethodAccessorImpl.java:62)\r\n\tat sun.reflect.DelegatingMethodAccessorImpl.invoke(DelegatingMethodAccessorImpl.java:43)\r\n\tat java.lang.reflect.Method.invoke(Method.java:498)\r\n\tat org.testng.internal.MethodInvocationHelper.invokeMethod(MethodInvocationHelper.java:108)\r\n\tat org.testng.internal.Invoker.invokeMethod(Invoker.java:661)\r\n\tat org.testng.internal.Invoker.invokeTestMethod(Invoker.java:869)\r\n\tat org.testng.internal.Invoker.invokeTestMethods(Invoker.java:1193)\r\n\tat org.testng.internal.TestMethodWorker.invokeTestMethods(TestMethodWorker.java:126)\r\n\tat org.testng.internal.TestMethodWorker.run(TestMethodWorker.java:109)\r\n\tat org.testng.TestRunner.privateRun(TestRunner.java:744)\r\n\tat org.testng.TestRunner.run(TestRunner.java:602)\r\n\tat org.testng.SuiteRunner.runTest(SuiteRunner.java:380)\r\n\tat org.testng.SuiteRunner.runSequentially(SuiteRunner.java:375)\r\n\tat org.testng.SuiteRunner.privateRun(SuiteRunner.java:340)\r\n\tat org.testng.SuiteRunner.run(SuiteRunner.java:289)\r\n\tat org.testng.SuiteRunnerWorker.runSuite(SuiteRunnerWorker.java:52)\r\n\tat org.testng.SuiteRunnerWorker.run(SuiteRunnerWorker.java:86)\r\n\tat org.testng.TestNG.runSuitesSequentially(TestNG.java:1301)\r\n\tat org.testng.TestNG.runSuitesLocally(TestNG.java:1226)\r\n\tat org.testng.TestNG.runSuites(TestNG.java:1144)\r\n\tat org.testng.TestNG.run(TestNG.java:1115)\r\n\tat org.apache.maven.surefire.testng.TestNGExecutor.run(TestNGExecutor.java:283)\r\n\tat org.apache.maven.surefire.testng.TestNGXmlTestSuite.execute(TestNGXmlTestSuite.java:75)\r\n\tat org.apache.maven.surefire.testng.TestNGProvider.invoke(TestNGProvider.java:120)\r\n\tat org.apache.maven.surefire.booter.ForkedBooter.invokeProviderInSameClassLoader(ForkedBooter.java:386)\r\n\tat org.apache.maven.surefire.booter.ForkedBooter.runSuitesInProcess(ForkedBooter.java:323)\r\n\tat org.apache.maven.surefire.booter.ForkedBooter.main(ForkedBooter.java:143)\r\n"},"stage":"finished","description":"Test Case Description : Verify the Registered user to place the order","steps":[{"name":"Selecting the country dropdown","status":"passed","stage":"finished","steps":[],"attachments":[],"parameters":[],"start":1567078169593,"stop":1567078170089},{"name":"Selecting the OilType Dropdown","status":"passed","stage":"finished","steps":[],"attachments":[],"parameters":[],"start":1567078170090,"stop":1567078170524},{"name":"Selecting the Litres Dropdown","status":"passed","stage":"finished","steps":[],"attachments":[],"parameters":[],"start":1567078170524,"stop":1567078170987},{"name":"Clicking on the GetQuote button","status":"passed","stage":"finished","steps":[],"attachments":[],"parameters":[],"start":1567078170987,"stop":1567078173690},{"name":"Verifying the OrderPage","status":"passed","stage":"finished","steps":[],"attachments":[],"parameters":[],"start":1567078173709,"stop":1567078173840},{"name":"Validating the county","status":"passed","stage":"finished","steps":[],"attachments":[],"parameters":[],"start":1567078173840,"stop":1567078174132},{"name":"Validating the OilType","status":"passed","stage":"finished","steps":[],"attachments":[],"parameters":[],"start":1567078174132,"stop":1567078174373},{"name":"Validating the Quantity","status":"passed","stage":"finished","steps":[],"attachments":[],"parameters":[],"start":1567078174373,"stop":1567078174451},{"name":"Click on OrderNow button","status":"passed","stage":"finished","steps":[],"attachments":[],"parameters":[],"start":1567078174451,"stop":1567078176930},{"name":"Click on the Register now button","status":"passed","stage":"finished","steps":[],"attachments":[],"parameters":[],"start":1567078176942,"stop":1567078180342},{"name":"Verifying the User is registered or not If yes then pop us displayed","status":"passed","stage":"finished","steps":[],"attachments":[],"parameters":[],"start":1567078180356,"stop":1567078197290},{"name":"To Enter the Billing Address  details","status":"passed","stage":"finished","steps":[],"attachments":[],"parameters":[],"start":1567078202303,"stop":1567078225237},{"name":"To Enter the Delivery Address details","status":"passed","stage":"finished","steps":[],"attachments":[],"parameters":[],"start":1567078225237,"stop":1567078272819},{"name":"To Enter the OrderNotes","status":"passed","stage":"finished","steps":[],"attachments":[],"parameters":[],"start":1567078272819,"stop":1567078273218},{"name":"To check the Marketing permissions","status":"passed","stage":"finished","steps":[],"attachments":[],"parameters":[],"start":1567078273218,"stop":1567078307922},{"name":"Verifying the Order summary details","status":"passed","stage":"finished","steps":[],"attachments":[],"parameters":[],"start":1567078307922,"stop":1567078312221},{"name":"To Enter Payment details ","status":"passed","stage":"finished","steps":[{"name":"Verifying the Order summary details","status":"passed","stage":"finished","steps":[],"attachments":[],"parameters":[],"start":1567078333119,"stop":1567078337483}],"attachments":[],"parameters":[],"start":1567078312222,"stop":1567078374830},{"name":"Verifying the Order Confirmation Page","status":"broken","statusDetails":{"known":false,"muted":false,"flaky":false,"message":"no such element: Unable to locate element: {\"method\":\"xpath\",\"selector\":\"//h2[contains(text(),'Thank you. Your order has been received.')]\"}\n  (Session info: chrome=76.0.3809.100)\nFor documentation on this error, please visit: http://seleniumhq.org/exceptions/no_such_element.html\nBuild info: version: '3.14.0', revision: 'aacccce0', time: '2018-08-02T20:19:58.91Z'\nSystem info: host: 'DESKTOP-AL9GHFP', ip: '10.0.75.1', os.name: 'Windows 10', os.arch: 'amd64', os.version: '10.0', java.version: '1.8.0_181'\nDriver info: org.openqa.selenium.chrome.ChromeDriver\nCapabilities {acceptInsecureCerts: false, browserName: chrome, browserVersion: 76.0.3809.100, chrome: {chromedriverVersion: 75.0.3770.90 (a6dcaf7e3ec6f..., userDataDir: C:\\Users\\dell\\AppData\\Local...}, goog:chromeOptions: {debuggerAddress: localhost:54104}, javascriptEnabled: true, networkConnectionEnabled: false, pageLoadStrategy: normal, platform: XP, platformName: XP, proxy: Proxy(), setWindowRect: true, strictFileInteractability: false, timeouts: {implicit: 0, pageLoad: 300000, script: 30000}, unhandledPromptBehavior: dismiss and notify}\nSession ID: 5a4a5da9330cd30a861365320d9c735a\n*** Element info: {Using=xpath, value=//h2[contains(text(),'Thank you. Your order has been received.')]}","trace":"org.openqa.selenium.NoSuchElementException: no such element: Unable to locate element: {\"method\":\"xpath\",\"selector\":\"//h2[contains(text(),'Thank you. Your order has been received.')]\"}\n  (Session info: chrome=76.0.3809.100)\nFor documentation on this error, please visit: http://seleniumhq.org/exceptions/no_such_element.html\nBuild info: version: '3.14.0', revision: 'aacccce0', time: '2018-08-02T20:19:58.91Z'\nSystem info: host: 'DESKTOP-AL9GHFP', ip: '10.0.75.1', os.name: 'Windows 10', os.arch: 'amd64', os.version: '10.0', java.version: '1.8.0_181'\nDriver info: org.openqa.selenium.chrome.ChromeDriver\nCapabilities {acceptInsecureCerts: false, browserName: chrome, browserVersion: 76.0.3809.100, chrome: {chromedriverVersion: 75.0.3770.90 (a6dcaf7e3ec6f..., userDataDir: C:\\Users\\dell\\AppData\\Local...}, goog:chromeOptions: {debuggerAddress: localhost:54104}, javascriptEnabled: true, networkConnectionEnabled: false, pageLoadStrategy: normal, platform: XP, platformName: XP, proxy: Proxy(), setWindowRect: true, strictFileInteractability: false, timeouts: {implicit: 0, pageLoad: 300000, script: 30000}, unhandledPromptBehavior: dismiss and notify}\nSession ID: 5a4a5da9330cd30a861365320d9c735a\n*** Element info: {Using=xpath, value=//h2[contains(text(),'Thank you. Your order has been received.')]}\r\n\tat sun.reflect.NativeConstructorAccessorImpl.newInstance0(Native Method)\r\n\tat sun.reflect.NativeConstructorAccessorImpl.newInstance(NativeConstructorAccessorImpl.java:62)\r\n\tat sun.reflect.DelegatingConstructorAccessorImpl.newInstance(DelegatingConstructorAccessorImpl.java:45)\r\n\tat java.lang.reflect.Constructor.newInstance(Constructor.java:423)\r\n\tat org.openqa.selenium.remote.http.W3CHttpResponseCodec.createException(W3CHttpResponseCodec.java:187)\r\n\tat org.openqa.selenium.remote.http.W3CHttpResponseCodec.decode(W3CHttpResponseCodec.java:122)\r\n\tat org.openqa.selenium.remote.http.W3CHttpResponseCodec.decode(W3CHttpResponseCodec.java:49)\r\n\tat org.openqa.selenium.remote.HttpCommandExecutor.execute(HttpCommandExecutor.java:158)\r\n\tat org.openqa.selenium.remote.service.DriverCommandExecutor.execute(DriverCommandExecutor.java:83)\r\n\tat org.openqa.selenium.remote.RemoteWebDriver.execute(RemoteWebDriver.java:548)\r\n\tat org.openqa.selenium.remote.RemoteWebDriver.findElement(RemoteWebDriver.java:322)\r\n\tat org.openqa.selenium.remote.RemoteWebDriver.findElementByXPath(RemoteWebDriver.java:424)\r\n\tat org.openqa.selenium.By$ByXPath.findElement(By.java:353)\r\n\tat org.openqa.selenium.remote.RemoteWebDriver.findElement(RemoteWebDriver.java:314)\r\n\tat sun.reflect.GeneratedMethodAccessor4.invoke(Unknown Source)\r\n\tat sun.reflect.DelegatingMethodAccessorImpl.invoke(DelegatingMethodAccessorImpl.java:43)\r\n\tat java.lang.reflect.Method.invoke(Method.java:498)\r\n\tat org.openqa.selenium.support.events.EventFiringWebDriver.lambda$new$1(EventFiringWebDriver.java:105)\r\n\tat com.sun.proxy.$Proxy12.findElement(Unknown Source)\r\n\tat org.openqa.selenium.support.events.EventFiringWebDriver.findElement(EventFiringWebDriver.java:194)\r\n\tat org.openqa.selenium.support.pagefactory.DefaultElementLocator.findElement(DefaultElementLocator.java:69)\r\n\tat org.openqa.selenium.support.pagefactory.internal.LocatingElementHandler.invoke(LocatingElementHandler.java:38)\r\n\tat com.sun.proxy.$Proxy16.isDisplayed(Unknown Source)\r\n\tat com.campusOil.qa.pages.PlaceOrderAsRegisteredUser.OrderConfirmationPage(PlaceOrderAsRegisteredUser.java:1104)\r\n\tat com.campus.qa.testcases.PlaceOrderAsRegisteredUserTest.ToPlaceAnOrderAsRegisteredUser(PlaceOrderAsRegisteredUserTest.java:191)\r\n\tat sun.reflect.NativeMethodAccessorImpl.invoke0(Native Method)\r\n\tat sun.reflect.NativeMethodAccessorImpl.invoke(NativeMethodAccessorImpl.java:62)\r\n\tat sun.reflect.DelegatingMethodAccessorImpl.invoke(DelegatingMethodAccessorImpl.java:43)\r\n\tat java.lang.reflect.Method.invoke(Method.java:498)\r\n\tat org.testng.internal.MethodInvocationHelper.invokeMethod(MethodInvocationHelper.java:108)\r\n\tat org.testng.internal.Invoker.invokeMethod(Invoker.java:661)\r\n\tat org.testng.internal.Invoker.invokeTestMethod(Invoker.java:869)\r\n\tat org.testng.internal.Invoker.invokeTestMethods(Invoker.java:1193)\r\n\tat org.testng.internal.TestMethodWorker.invokeTestMethods(TestMethodWorker.java:126)\r\n\tat org.testng.internal.TestMethodWorker.run(TestMethodWorker.java:109)\r\n\tat org.testng.TestRunner.privateRun(TestRunner.java:744)\r\n\tat org.testng.TestRunner.run(TestRunner.java:602)\r\n\tat org.testng.SuiteRunner.runTest(SuiteRunner.java:380)\r\n\tat org.testng.SuiteRunner.runSequentially(SuiteRunner.java:375)\r\n\tat org.testng.SuiteRunner.privateRun(SuiteRunner.java:340)\r\n\tat org.testng.SuiteRunner.run(SuiteRunner.java:289)\r\n\tat org.testng.SuiteRunnerWorker.runSuite(SuiteRunnerWorker.java:52)\r\n\tat org.testng.SuiteRunnerWorker.run(SuiteRunnerWorker.java:86)\r\n\tat org.testng.TestNG.runSuitesSequentially(TestNG.java:1301)\r\n\tat org.testng.TestNG.runSuitesLocally(TestNG.java:1226)\r\n\tat org.testng.TestNG.runSuites(TestNG.java:1144)\r\n\tat org.testng.TestNG.run(TestNG.java:1115)\r\n\tat org.apache.maven.surefire.testng.TestNGExecutor.run(TestNGExecutor.java:283)\r\n\tat org.apache.maven.surefire.testng.TestNGXmlTestSuite.execute(TestNGXmlTestSuite.java:75)\r\n\tat org.apache.maven.surefire.testng.TestNGProvider.invoke(TestNGProvider.java:120)\r\n\tat org.apache.maven.surefire.booter.ForkedBooter.invokeProviderInSameClassLoader(ForkedBooter.java:386)\r\n\tat org.apache.maven.surefire.booter.ForkedBooter.runSuitesInProcess(ForkedBooter.java:323)\r\n\tat org.apache.maven.surefire.booter.ForkedBooter.main(ForkedBooter.java:143)\r\n"},"stage":"finished","steps":[],"attachments":[],"parameters":[],"start":1567078374830,"stop":1567078398325}],"attachments":[{"name":"Page screenshot","source":"1d58a8b4-e0df-45bd-be89-0db745954175-attachment","type":"image/png"},{"name":"ToPlaceAnOrderAsRegisteredUser failed and screenshot taken!","source":"47313a7b-d12c-43ef-a646-e4bc815b6e45-attachment","type":"text/plain"},{"name":"Page screenshot","source":"d0a473e5-74ea-4a26-8e20-a5e43bfebed8-attachment","type":"image/png"},{"name":"ToPlaceAnOrderAsRegisteredUser failed and screenshot taken!","source":"526d3e0a-e632-4e08-a7ae-f161b8c3bd70-attachment","type":"text/plain"}],"parameters":[{"name":"arg2","value":"040-123456"},{"name":"arg1","value":"91-12345678"},{"name":"arg0","value":"mr"}],"start":1567078169593,"stop":1567078400435,"uuid":"2e4c33aa-fcd4-4afe-b8a5-cc677b358ee7","historyId":"47f4ac562743982fe893e53ac00ffbe6","fullName":"com.campus.qa.testcases.PlaceOrderAsRegisteredUserTest.ToPlaceAnOrderAsRegisteredUser","labels":[{"name":"package","value":"com.campus.qa.testcases.PlaceOrderAsRegisteredUserTest"},{"name":"testClass","value":"com.campus.qa.testcases.PlaceOrderAsRegisteredUserTest"},{"name":"testMethod","value":"ToPlaceAnOrderAsRegisteredUser"},{"name":"parentSuite","value":"Campus Oil Test Automation Suite"},{"name":"suite","value":"Automated Test Run"},{"name":"subSuite","value":"com.campus.qa.testcases.PlaceOrderAsRegisteredUserTest"},{"name":"host","value":"DESKTOP-AL9GHFP"},{"name":"thread","value":"11112@DESKTOP-AL9GHFP.main(1)"},{"name":"framework","value":"testng"},{"name":"language","value":"java"},{"name":"story","value":"Use case : Place and order as an Registered user and get the check all the totals with products and totals in all the pages"},{"name":"severity","value":"critical"}],"links":[]}