{"name":"Verifying the unregistered user to place the order","status":"broken","statusDetails":{"known":false,"muted":false,"flaky":false,"message":"no such element: Unable to locate element: {\"method\":\"xpath\",\"selector\":\"//h2[contains(text(),'Thank you. Your order has been received.')]\"}\n  (Session info: chrome=76.0.3809.100)\nFor documentation on this error, please visit: http://seleniumhq.org/exceptions/no_such_element.html\nBuild info: version: '3.14.0', revision: 'aacccce0', time: '2018-08-02T20:19:58.91Z'\nSystem info: host: 'DESKTOP-AL9GHFP', ip: '10.0.75.1', os.name: 'Windows 10', os.arch: 'amd64', os.version: '10.0', java.version: '1.8.0_181'\nDriver info: org.openqa.selenium.chrome.ChromeDriver\nCapabilities {acceptInsecureCerts: false, browserName: chrome, browserVersion: 76.0.3809.100, chrome: {chromedriverVersion: 75.0.3770.90 (a6dcaf7e3ec6f..., userDataDir: C:\\Users\\dell\\AppData\\Local...}, goog:chromeOptions: {debuggerAddress: localhost:50243}, javascriptEnabled: true, networkConnectionEnabled: false, pageLoadStrategy: normal, platform: XP, platformName: XP, proxy: Proxy(), setWindowRect: true, strictFileInteractability: false, timeouts: {implicit: 0, pageLoad: 300000, script: 30000}, unhandledPromptBehavior: dismiss and notify}\nSession ID: b8a7688e17e10cefab7da09c39806efa\n*** Element info: {Using=xpath, value=//h2[contains(text(),'Thank you. Your order has been received.')]}","trace":"org.openqa.selenium.NoSuchElementException: no such element: Unable to locate element: {\"method\":\"xpath\",\"selector\":\"//h2[contains(text(),'Thank you. Your order has been received.')]\"}\n  (Session info: chrome=76.0.3809.100)\nFor documentation on this error, please visit: http://seleniumhq.org/exceptions/no_such_element.html\nBuild info: version: '3.14.0', revision: 'aacccce0', time: '2018-08-02T20:19:58.91Z'\nSystem info: host: 'DESKTOP-AL9GHFP', ip: '10.0.75.1', os.name: 'Windows 10', os.arch: 'amd64', os.version: '10.0', java.version: '1.8.0_181'\nDriver info: org.openqa.selenium.chrome.ChromeDriver\nCapabilities {acceptInsecureCerts: false, browserName: chrome, browserVersion: 76.0.3809.100, chrome: {chromedriverVersion: 75.0.3770.90 (a6dcaf7e3ec6f..., userDataDir: C:\\Users\\dell\\AppData\\Local...}, goog:chromeOptions: {debuggerAddress: localhost:50243}, javascriptEnabled: true, networkConnectionEnabled: false, pageLoadStrategy: normal, platform: XP, platformName: XP, proxy: Proxy(), setWindowRect: true, strictFileInteractability: false, timeouts: {implicit: 0, pageLoad: 300000, script: 30000}, unhandledPromptBehavior: dismiss and notify}\nSession ID: b8a7688e17e10cefab7da09c39806efa\n*** Element info: {Using=xpath, value=//h2[contains(text(),'Thank you. Your order has been received.')]}\r\n\tat sun.reflect.NativeConstructorAccessorImpl.newInstance0(Native Method)\r\n\tat sun.reflect.NativeConstructorAccessorImpl.newInstance(NativeConstructorAccessorImpl.java:62)\r\n\tat sun.reflect.DelegatingConstructorAccessorImpl.newInstance(DelegatingConstructorAccessorImpl.java:45)\r\n\tat java.lang.reflect.Constructor.newInstance(Constructor.java:423)\r\n\tat org.openqa.selenium.remote.http.W3CHttpResponseCodec.createException(W3CHttpResponseCodec.java:187)\r\n\tat org.openqa.selenium.remote.http.W3CHttpResponseCodec.decode(W3CHttpResponseCodec.java:122)\r\n\tat org.openqa.selenium.remote.http.W3CHttpResponseCodec.decode(W3CHttpResponseCodec.java:49)\r\n\tat org.openqa.selenium.remote.HttpCommandExecutor.execute(HttpCommandExecutor.java:158)\r\n\tat org.openqa.selenium.remote.service.DriverCommandExecutor.execute(DriverCommandExecutor.java:83)\r\n\tat org.openqa.selenium.remote.RemoteWebDriver.execute(RemoteWebDriver.java:548)\r\n\tat org.openqa.selenium.remote.RemoteWebDriver.findElement(RemoteWebDriver.java:322)\r\n\tat org.openqa.selenium.remote.RemoteWebDriver.findElementByXPath(RemoteWebDriver.java:424)\r\n\tat org.openqa.selenium.By$ByXPath.findElement(By.java:353)\r\n\tat org.openqa.selenium.remote.RemoteWebDriver.findElement(RemoteWebDriver.java:314)\r\n\tat sun.reflect.GeneratedMethodAccessor3.invoke(Unknown Source)\r\n\tat sun.reflect.DelegatingMethodAccessorImpl.invoke(DelegatingMethodAccessorImpl.java:43)\r\n\tat java.lang.reflect.Method.invoke(Method.java:498)\r\n\tat org.openqa.selenium.support.events.EventFiringWebDriver.lambda$new$1(EventFiringWebDriver.java:105)\r\n\tat com.sun.proxy.$Proxy10.findElement(Unknown Source)\r\n\tat org.openqa.selenium.support.events.EventFiringWebDriver.findElement(EventFiringWebDriver.java:194)\r\n\tat org.openqa.selenium.support.pagefactory.DefaultElementLocator.findElement(DefaultElementLocator.java:69)\r\n\tat org.openqa.selenium.support.pagefactory.internal.LocatingElementHandler.invoke(LocatingElementHandler.java:38)\r\n\tat com.sun.proxy.$Proxy14.isDisplayed(Unknown Source)\r\n\tat com.campusOil.qa.pages.PlaceOrderAsRegisteredUser.OrderConfirmationPage(PlaceOrderAsRegisteredUser.java:1101)\r\n\tat com.campus.qa.testcases.PlaceOrderAsRegisteredUserTest.ToPlaceOrderAsUnRegisteredUserTest(PlaceOrderAsRegisteredUserTest.java:138)\r\n\tat sun.reflect.NativeMethodAccessorImpl.invoke0(Native Method)\r\n\tat sun.reflect.NativeMethodAccessorImpl.invoke(NativeMethodAccessorImpl.java:62)\r\n\tat sun.reflect.DelegatingMethodAccessorImpl.invoke(DelegatingMethodAccessorImpl.java:43)\r\n\tat java.lang.reflect.Method.invoke(Method.java:498)\r\n\tat org.testng.internal.MethodInvocationHelper.invokeMethod(MethodInvocationHelper.java:108)\r\n\tat org.testng.internal.Invoker.invokeMethod(Invoker.java:661)\r\n\tat org.testng.internal.Invoker.invokeTestMethod(Invoker.java:869)\r\n\tat org.testng.internal.Invoker.invokeTestMethods(Invoker.java:1193)\r\n\tat org.testng.internal.TestMethodWorker.invokeTestMethods(TestMethodWorker.java:126)\r\n\tat org.testng.internal.TestMethodWorker.run(TestMethodWorker.java:109)\r\n\tat org.testng.TestRunner.privateRun(TestRunner.java:744)\r\n\tat org.testng.TestRunner.run(TestRunner.java:602)\r\n\tat org.testng.SuiteRunner.runTest(SuiteRunner.java:380)\r\n\tat org.testng.SuiteRunner.runSequentially(SuiteRunner.java:375)\r\n\tat org.testng.SuiteRunner.privateRun(SuiteRunner.java:340)\r\n\tat org.testng.SuiteRunner.run(SuiteRunner.java:289)\r\n\tat org.testng.SuiteRunnerWorker.runSuite(SuiteRunnerWorker.java:52)\r\n\tat org.testng.SuiteRunnerWorker.run(SuiteRunnerWorker.java:86)\r\n\tat org.testng.TestNG.runSuitesSequentially(TestNG.java:1301)\r\n\tat org.testng.TestNG.runSuitesLocally(TestNG.java:1226)\r\n\tat org.testng.TestNG.runSuites(TestNG.java:1144)\r\n\tat org.testng.TestNG.run(TestNG.java:1115)\r\n\tat org.apache.maven.surefire.testng.TestNGExecutor.run(TestNGExecutor.java:283)\r\n\tat org.apache.maven.surefire.testng.TestNGXmlTestSuite.execute(TestNGXmlTestSuite.java:75)\r\n\tat org.apache.maven.surefire.testng.TestNGProvider.invoke(TestNGProvider.java:120)\r\n\tat org.apache.maven.surefire.booter.ForkedBooter.invokeProviderInSameClassLoader(ForkedBooter.java:386)\r\n\tat org.apache.maven.surefire.booter.ForkedBooter.runSuitesInProcess(ForkedBooter.java:323)\r\n\tat org.apache.maven.surefire.booter.ForkedBooter.main(ForkedBooter.java:143)\r\n"},"stage":"finished","description":"Test Case Description : Verify the Unregistered user to place the order","steps":[{"name":"Selecting the country dropdown","status":"passed","stage":"finished","steps":[],"attachments":[],"parameters":[],"start":1566983261784,"stop":1566983263824},{"name":"Selecting the OilType Dropdown","status":"passed","stage":"finished","steps":[],"attachments":[],"parameters":[],"start":1566983263825,"stop":1566983264446},{"name":"Selecting the Litres Dropdown","status":"passed","stage":"finished","steps":[],"attachments":[],"parameters":[],"start":1566983264447,"stop":1566983265030},{"name":"Clicking on the GetQuote button","status":"passed","stage":"finished","steps":[],"attachments":[],"parameters":[],"start":1566983265031,"stop":1566983267282},{"name":"Verifying the OrderPage","status":"passed","stage":"finished","steps":[],"attachments":[],"parameters":[],"start":1566983267311,"stop":1566983267502},{"name":"Validating the county","status":"passed","stage":"finished","steps":[],"attachments":[],"parameters":[],"start":1566983267502,"stop":1566983268120},{"name":"Validating the OilType","status":"passed","stage":"finished","steps":[],"attachments":[],"parameters":[],"start":1566983268121,"stop":1566983268418},{"name":"Validating the Quantity","status":"passed","stage":"finished","steps":[],"attachments":[],"parameters":[],"start":1566983268419,"stop":1566983268488},{"name":"Click on OrderNow button","status":"passed","stage":"finished","steps":[],"attachments":[],"parameters":[],"start":1566983268489,"stop":1566983270802},{"name":"Click on the Register now button","status":"passed","stage":"finished","steps":[],"attachments":[],"parameters":[],"start":1566983270819,"stop":1566983273364},{"name":"To Enter the user details","status":"passed","stage":"finished","steps":[],"attachments":[],"parameters":[{"name":"title","value":"mr"},{"name":"Phone","value":"91-12345678"},{"name":"landline","value":"040-123456"}],"start":1566983273380,"stop":1566983281870},{"name":"To Enter the Billing Address  details","status":"passed","stage":"finished","steps":[],"attachments":[],"parameters":[],"start":1566983286885,"stop":1566983310024},{"name":"To Enter the Required Delivery Date","status":"passed","stage":"finished","steps":[],"attachments":[],"parameters":[],"start":1566983310024,"stop":1566983320618},{"name":"To Enter the Delivery Address details","status":"passed","stage":"finished","steps":[],"attachments":[],"parameters":[],"start":1566983320618,"stop":1566983348193},{"name":"To Enter the Password : Test@1234","status":"passed","stage":"finished","steps":[],"attachments":[],"parameters":[],"start":1566983348193,"stop":1566983349700},{"name":"To Enter the OrderNotes","status":"passed","stage":"finished","steps":[],"attachments":[],"parameters":[],"start":1566983349701,"stop":1566983350048},{"name":"To check the Marketing permissions","status":"passed","stage":"finished","steps":[],"attachments":[],"parameters":[],"start":1566983350048,"stop":1566983364801},{"name":"Verifying the Order summary details","status":"passed","stage":"finished","steps":[],"attachments":[],"parameters":[],"start":1566983364801,"stop":1566983369367},{"name":"To Enter Payment details ","status":"passed","stage":"finished","steps":[{"name":"Verifying the Order summary details","status":"passed","stage":"finished","steps":[],"attachments":[],"parameters":[],"start":1566983384935,"stop":1566983389307}],"attachments":[],"parameters":[],"start":1566983369368,"stop":1566983420730},{"name":"Verifying the Order Confirmation Page","status":"broken","statusDetails":{"known":false,"muted":false,"flaky":false,"message":"no such element: Unable to locate element: {\"method\":\"xpath\",\"selector\":\"//h2[contains(text(),'Thank you. Your order has been received.')]\"}\n  (Session info: chrome=76.0.3809.100)\nFor documentation on this error, please visit: http://seleniumhq.org/exceptions/no_such_element.html\nBuild info: version: '3.14.0', revision: 'aacccce0', time: '2018-08-02T20:19:58.91Z'\nSystem info: host: 'DESKTOP-AL9GHFP', ip: '10.0.75.1', os.name: 'Windows 10', os.arch: 'amd64', os.version: '10.0', java.version: '1.8.0_181'\nDriver info: org.openqa.selenium.chrome.ChromeDriver\nCapabilities {acceptInsecureCerts: false, browserName: chrome, browserVersion: 76.0.3809.100, chrome: {chromedriverVersion: 75.0.3770.90 (a6dcaf7e3ec6f..., userDataDir: C:\\Users\\dell\\AppData\\Local...}, goog:chromeOptions: {debuggerAddress: localhost:50243}, javascriptEnabled: true, networkConnectionEnabled: false, pageLoadStrategy: normal, platform: XP, platformName: XP, proxy: Proxy(), setWindowRect: true, strictFileInteractability: false, timeouts: {implicit: 0, pageLoad: 300000, script: 30000}, unhandledPromptBehavior: dismiss and notify}\nSession ID: b8a7688e17e10cefab7da09c39806efa\n*** Element info: {Using=xpath, value=//h2[contains(text(),'Thank you. Your order has been received.')]}","trace":"org.openqa.selenium.NoSuchElementException: no such element: Unable to locate element: {\"method\":\"xpath\",\"selector\":\"//h2[contains(text(),'Thank you. Your order has been received.')]\"}\n  (Session info: chrome=76.0.3809.100)\nFor documentation on this error, please visit: http://seleniumhq.org/exceptions/no_such_element.html\nBuild info: version: '3.14.0', revision: 'aacccce0', time: '2018-08-02T20:19:58.91Z'\nSystem info: host: 'DESKTOP-AL9GHFP', ip: '10.0.75.1', os.name: 'Windows 10', os.arch: 'amd64', os.version: '10.0', java.version: '1.8.0_181'\nDriver info: org.openqa.selenium.chrome.ChromeDriver\nCapabilities {acceptInsecureCerts: false, browserName: chrome, browserVersion: 76.0.3809.100, chrome: {chromedriverVersion: 75.0.3770.90 (a6dcaf7e3ec6f..., userDataDir: C:\\Users\\dell\\AppData\\Local...}, goog:chromeOptions: {debuggerAddress: localhost:50243}, javascriptEnabled: true, networkConnectionEnabled: false, pageLoadStrategy: normal, platform: XP, platformName: XP, proxy: Proxy(), setWindowRect: true, strictFileInteractability: false, timeouts: {implicit: 0, pageLoad: 300000, script: 30000}, unhandledPromptBehavior: dismiss and notify}\nSession ID: b8a7688e17e10cefab7da09c39806efa\n*** Element info: {Using=xpath, value=//h2[contains(text(),'Thank you. Your order has been received.')]}\r\n\tat sun.reflect.NativeConstructorAccessorImpl.newInstance0(Native Method)\r\n\tat sun.reflect.NativeConstructorAccessorImpl.newInstance(NativeConstructorAccessorImpl.java:62)\r\n\tat sun.reflect.DelegatingConstructorAccessorImpl.newInstance(DelegatingConstructorAccessorImpl.java:45)\r\n\tat java.lang.reflect.Constructor.newInstance(Constructor.java:423)\r\n\tat org.openqa.selenium.remote.http.W3CHttpResponseCodec.createException(W3CHttpResponseCodec.java:187)\r\n\tat org.openqa.selenium.remote.http.W3CHttpResponseCodec.decode(W3CHttpResponseCodec.java:122)\r\n\tat org.openqa.selenium.remote.http.W3CHttpResponseCodec.decode(W3CHttpResponseCodec.java:49)\r\n\tat org.openqa.selenium.remote.HttpCommandExecutor.execute(HttpCommandExecutor.java:158)\r\n\tat org.openqa.selenium.remote.service.DriverCommandExecutor.execute(DriverCommandExecutor.java:83)\r\n\tat org.openqa.selenium.remote.RemoteWebDriver.execute(RemoteWebDriver.java:548)\r\n\tat org.openqa.selenium.remote.RemoteWebDriver.findElement(RemoteWebDriver.java:322)\r\n\tat org.openqa.selenium.remote.RemoteWebDriver.findElementByXPath(RemoteWebDriver.java:424)\r\n\tat org.openqa.selenium.By$ByXPath.findElement(By.java:353)\r\n\tat org.openqa.selenium.remote.RemoteWebDriver.findElement(RemoteWebDriver.java:314)\r\n\tat sun.reflect.GeneratedMethodAccessor3.invoke(Unknown Source)\r\n\tat sun.reflect.DelegatingMethodAccessorImpl.invoke(DelegatingMethodAccessorImpl.java:43)\r\n\tat java.lang.reflect.Method.invoke(Method.java:498)\r\n\tat org.openqa.selenium.support.events.EventFiringWebDriver.lambda$new$1(EventFiringWebDriver.java:105)\r\n\tat com.sun.proxy.$Proxy10.findElement(Unknown Source)\r\n\tat org.openqa.selenium.support.events.EventFiringWebDriver.findElement(EventFiringWebDriver.java:194)\r\n\tat org.openqa.selenium.support.pagefactory.DefaultElementLocator.findElement(DefaultElementLocator.java:69)\r\n\tat org.openqa.selenium.support.pagefactory.internal.LocatingElementHandler.invoke(LocatingElementHandler.java:38)\r\n\tat com.sun.proxy.$Proxy14.isDisplayed(Unknown Source)\r\n\tat com.campusOil.qa.pages.PlaceOrderAsRegisteredUser.OrderConfirmationPage(PlaceOrderAsRegisteredUser.java:1101)\r\n\tat com.campus.qa.testcases.PlaceOrderAsRegisteredUserTest.ToPlaceOrderAsUnRegisteredUserTest(PlaceOrderAsRegisteredUserTest.java:138)\r\n\tat sun.reflect.NativeMethodAccessorImpl.invoke0(Native Method)\r\n\tat sun.reflect.NativeMethodAccessorImpl.invoke(NativeMethodAccessorImpl.java:62)\r\n\tat sun.reflect.DelegatingMethodAccessorImpl.invoke(DelegatingMethodAccessorImpl.java:43)\r\n\tat java.lang.reflect.Method.invoke(Method.java:498)\r\n\tat org.testng.internal.MethodInvocationHelper.invokeMethod(MethodInvocationHelper.java:108)\r\n\tat org.testng.internal.Invoker.invokeMethod(Invoker.java:661)\r\n\tat org.testng.internal.Invoker.invokeTestMethod(Invoker.java:869)\r\n\tat org.testng.internal.Invoker.invokeTestMethods(Invoker.java:1193)\r\n\tat org.testng.internal.TestMethodWorker.invokeTestMethods(TestMethodWorker.java:126)\r\n\tat org.testng.internal.TestMethodWorker.run(TestMethodWorker.java:109)\r\n\tat org.testng.TestRunner.privateRun(TestRunner.java:744)\r\n\tat org.testng.TestRunner.run(TestRunner.java:602)\r\n\tat org.testng.SuiteRunner.runTest(SuiteRunner.java:380)\r\n\tat org.testng.SuiteRunner.runSequentially(SuiteRunner.java:375)\r\n\tat org.testng.SuiteRunner.privateRun(SuiteRunner.java:340)\r\n\tat org.testng.SuiteRunner.run(SuiteRunner.java:289)\r\n\tat org.testng.SuiteRunnerWorker.runSuite(SuiteRunnerWorker.java:52)\r\n\tat org.testng.SuiteRunnerWorker.run(SuiteRunnerWorker.java:86)\r\n\tat org.testng.TestNG.runSuitesSequentially(TestNG.java:1301)\r\n\tat org.testng.TestNG.runSuitesLocally(TestNG.java:1226)\r\n\tat org.testng.TestNG.runSuites(TestNG.java:1144)\r\n\tat org.testng.TestNG.run(TestNG.java:1115)\r\n\tat org.apache.maven.surefire.testng.TestNGExecutor.run(TestNGExecutor.java:283)\r\n\tat org.apache.maven.surefire.testng.TestNGXmlTestSuite.execute(TestNGXmlTestSuite.java:75)\r\n\tat org.apache.maven.surefire.testng.TestNGProvider.invoke(TestNGProvider.java:120)\r\n\tat org.apache.maven.surefire.booter.ForkedBooter.invokeProviderInSameClassLoader(ForkedBooter.java:386)\r\n\tat org.apache.maven.surefire.booter.ForkedBooter.runSuitesInProcess(ForkedBooter.java:323)\r\n\tat org.apache.maven.surefire.booter.ForkedBooter.main(ForkedBooter.java:143)\r\n"},"stage":"finished","steps":[],"attachments":[],"parameters":[],"start":1566983420730,"stop":1566983443246}],"attachments":[],"parameters":[{"name":"arg2","value":"040-123456"},{"name":"arg1","value":"91-12345678"},{"name":"arg0","value":"mr"}],"start":1566983261713,"stop":1566983443250,"uuid":"c69d57c4-1a3a-4719-a87a-11f9a23014b2","historyId":"b25c24e8b65ee10e46503048801b552b","fullName":"com.campus.qa.testcases.PlaceOrderAsRegisteredUserTest.ToPlaceOrderAsUnRegisteredUserTest","labels":[{"name":"package","value":"com.campus.qa.testcases.PlaceOrderAsRegisteredUserTest"},{"name":"testClass","value":"com.campus.qa.testcases.PlaceOrderAsRegisteredUserTest"},{"name":"testMethod","value":"ToPlaceOrderAsUnRegisteredUserTest"},{"name":"parentSuite","value":"Suite"},{"name":"suite","value":"Test"},{"name":"subSuite","value":"com.campus.qa.testcases.PlaceOrderAsRegisteredUserTest"},{"name":"host","value":"DESKTOP-AL9GHFP"},{"name":"thread","value":"8500@DESKTOP-AL9GHFP.main(1)"},{"name":"framework","value":"testng"},{"name":"language","value":"java"},{"name":"story","value":"Use case : Place and order as an unrgistered user and get the check all the totals with products and totals in all the pages"},{"name":"severity","value":"critical"}],"links":[]}