{"name":"Verifying the unregistered user to place the order","status":"broken","statusDetails":{"known":false,"muted":false,"flaky":false,"message":"invalid selector: The result of the xpath expression \"//a[@id='wizard-t-0']/text()\" is: [object Text]. It should be an element.\n  (Session info: chrome=76.0.3809.132)\nFor documentation on this error, please visit: http://seleniumhq.org/exceptions/invalid_selector_exception.html\nBuild info: version: '3.14.0', revision: 'aacccce0', time: '2018-08-02T20:19:58.91Z'\nSystem info: host: 'DESKTOP-AL9GHFP', ip: '10.0.75.1', os.name: 'Windows 10', os.arch: 'amd64', os.version: '10.0', java.version: '1.8.0_181'\nDriver info: org.openqa.selenium.chrome.ChromeDriver\nCapabilities {acceptInsecureCerts: false, browserName: chrome, browserVersion: 76.0.3809.132, chrome: {chromedriverVersion: 75.0.3770.90 (a6dcaf7e3ec6f..., userDataDir: C:\\Users\\dell\\AppData\\Local...}, goog:chromeOptions: {debuggerAddress: localhost:57369}, javascriptEnabled: true, networkConnectionEnabled: false, pageLoadStrategy: normal, platform: XP, platformName: XP, proxy: Proxy(), setWindowRect: true, strictFileInteractability: false, timeouts: {implicit: 0, pageLoad: 300000, script: 30000}, unhandledPromptBehavior: dismiss and notify}\nSession ID: 2ae6f7c640c13c82d81d98464815864e\n*** Element info: {Using=xpath, value=//a[@id='wizard-t-0']/text()}","trace":"org.openqa.selenium.InvalidSelectorException: invalid selector: The result of the xpath expression \"//a[@id='wizard-t-0']/text()\" is: [object Text]. It should be an element.\n  (Session info: chrome=76.0.3809.132)\nFor documentation on this error, please visit: http://seleniumhq.org/exceptions/invalid_selector_exception.html\nBuild info: version: '3.14.0', revision: 'aacccce0', time: '2018-08-02T20:19:58.91Z'\nSystem info: host: 'DESKTOP-AL9GHFP', ip: '10.0.75.1', os.name: 'Windows 10', os.arch: 'amd64', os.version: '10.0', java.version: '1.8.0_181'\nDriver info: org.openqa.selenium.chrome.ChromeDriver\nCapabilities {acceptInsecureCerts: false, browserName: chrome, browserVersion: 76.0.3809.132, chrome: {chromedriverVersion: 75.0.3770.90 (a6dcaf7e3ec6f..., userDataDir: C:\\Users\\dell\\AppData\\Local...}, goog:chromeOptions: {debuggerAddress: localhost:57369}, javascriptEnabled: true, networkConnectionEnabled: false, pageLoadStrategy: normal, platform: XP, platformName: XP, proxy: Proxy(), setWindowRect: true, strictFileInteractability: false, timeouts: {implicit: 0, pageLoad: 300000, script: 30000}, unhandledPromptBehavior: dismiss and notify}\nSession ID: 2ae6f7c640c13c82d81d98464815864e\n*** Element info: {Using=xpath, value=//a[@id='wizard-t-0']/text()}\r\n\tat sun.reflect.NativeConstructorAccessorImpl.newInstance0(Native Method)\r\n\tat sun.reflect.NativeConstructorAccessorImpl.newInstance(NativeConstructorAccessorImpl.java:62)\r\n\tat sun.reflect.DelegatingConstructorAccessorImpl.newInstance(DelegatingConstructorAccessorImpl.java:45)\r\n\tat java.lang.reflect.Constructor.newInstance(Constructor.java:423)\r\n\tat org.openqa.selenium.remote.http.W3CHttpResponseCodec.createException(W3CHttpResponseCodec.java:187)\r\n\tat org.openqa.selenium.remote.http.W3CHttpResponseCodec.decode(W3CHttpResponseCodec.java:122)\r\n\tat org.openqa.selenium.remote.http.W3CHttpResponseCodec.decode(W3CHttpResponseCodec.java:49)\r\n\tat org.openqa.selenium.remote.HttpCommandExecutor.execute(HttpCommandExecutor.java:158)\r\n\tat org.openqa.selenium.remote.service.DriverCommandExecutor.execute(DriverCommandExecutor.java:83)\r\n\tat org.openqa.selenium.remote.RemoteWebDriver.execute(RemoteWebDriver.java:548)\r\n\tat org.openqa.selenium.remote.RemoteWebDriver.findElement(RemoteWebDriver.java:322)\r\n\tat org.openqa.selenium.remote.RemoteWebDriver.findElementByXPath(RemoteWebDriver.java:424)\r\n\tat org.openqa.selenium.By$ByXPath.findElement(By.java:353)\r\n\tat org.openqa.selenium.remote.RemoteWebDriver.findElement(RemoteWebDriver.java:314)\r\n\tat sun.reflect.GeneratedMethodAccessor3.invoke(Unknown Source)\r\n\tat sun.reflect.DelegatingMethodAccessorImpl.invoke(DelegatingMethodAccessorImpl.java:43)\r\n\tat java.lang.reflect.Method.invoke(Method.java:498)\r\n\tat org.openqa.selenium.support.events.EventFiringWebDriver.lambda$new$1(EventFiringWebDriver.java:105)\r\n\tat com.sun.proxy.$Proxy11.findElement(Unknown Source)\r\n\tat org.openqa.selenium.support.events.EventFiringWebDriver.findElement(EventFiringWebDriver.java:194)\r\n\tat org.openqa.selenium.support.pagefactory.DefaultElementLocator.findElement(DefaultElementLocator.java:69)\r\n\tat org.openqa.selenium.support.pagefactory.internal.LocatingElementHandler.invoke(LocatingElementHandler.java:38)\r\n\tat com.sun.proxy.$Proxy15.isDisplayed(Unknown Source)\r\n\tat com.campusOil.qa.pages.PlaceOrderAsRegisteredUser.OrderConfirmationPage(PlaceOrderAsRegisteredUser.java:1106)\r\n\tat com.campus.qa.testcases.PlaceOrderAsRegisteredUserTest.ToPlaceOrderAsUnRegisteredUserTest(PlaceOrderAsRegisteredUserTest.java:136)\r\n\tat sun.reflect.NativeMethodAccessorImpl.invoke0(Native Method)\r\n\tat sun.reflect.NativeMethodAccessorImpl.invoke(NativeMethodAccessorImpl.java:62)\r\n\tat sun.reflect.DelegatingMethodAccessorImpl.invoke(DelegatingMethodAccessorImpl.java:43)\r\n\tat java.lang.reflect.Method.invoke(Method.java:498)\r\n\tat org.testng.internal.MethodInvocationHelper.invokeMethod(MethodInvocationHelper.java:108)\r\n\tat org.testng.internal.Invoker.invokeMethod(Invoker.java:661)\r\n\tat org.testng.internal.Invoker.invokeTestMethod(Invoker.java:869)\r\n\tat org.testng.internal.Invoker.invokeTestMethods(Invoker.java:1193)\r\n\tat org.testng.internal.TestMethodWorker.invokeTestMethods(TestMethodWorker.java:126)\r\n\tat org.testng.internal.TestMethodWorker.run(TestMethodWorker.java:109)\r\n\tat org.testng.TestRunner.privateRun(TestRunner.java:744)\r\n\tat org.testng.TestRunner.run(TestRunner.java:602)\r\n\tat org.testng.SuiteRunner.runTest(SuiteRunner.java:380)\r\n\tat org.testng.SuiteRunner.runSequentially(SuiteRunner.java:375)\r\n\tat org.testng.SuiteRunner.privateRun(SuiteRunner.java:340)\r\n\tat org.testng.SuiteRunner.run(SuiteRunner.java:289)\r\n\tat org.testng.SuiteRunnerWorker.runSuite(SuiteRunnerWorker.java:52)\r\n\tat org.testng.SuiteRunnerWorker.run(SuiteRunnerWorker.java:86)\r\n\tat org.testng.TestNG.runSuitesSequentially(TestNG.java:1301)\r\n\tat org.testng.TestNG.runSuitesLocally(TestNG.java:1226)\r\n\tat org.testng.TestNG.runSuites(TestNG.java:1144)\r\n\tat org.testng.TestNG.run(TestNG.java:1115)\r\n\tat org.apache.maven.surefire.testng.TestNGExecutor.run(TestNGExecutor.java:283)\r\n\tat org.apache.maven.surefire.testng.TestNGXmlTestSuite.execute(TestNGXmlTestSuite.java:75)\r\n\tat org.apache.maven.surefire.testng.TestNGProvider.invoke(TestNGProvider.java:120)\r\n\tat org.apache.maven.surefire.booter.ForkedBooter.invokeProviderInSameClassLoader(ForkedBooter.java:386)\r\n\tat org.apache.maven.surefire.booter.ForkedBooter.runSuitesInProcess(ForkedBooter.java:323)\r\n\tat org.apache.maven.surefire.booter.ForkedBooter.main(ForkedBooter.java:143)\r\n"},"stage":"finished","description":"Test Case Description : Verify the Unregistered user to place the order","steps":[{"name":"Selecting the country dropdown","status":"passed","stage":"finished","steps":[],"attachments":[],"parameters":[],"start":1567581700508,"stop":1567581701583},{"name":"Selecting the OilType Dropdown","status":"passed","stage":"finished","steps":[],"attachments":[],"parameters":[],"start":1567581701583,"stop":1567581702263},{"name":"Selecting the Litres Dropdown","status":"passed","stage":"finished","steps":[],"attachments":[],"parameters":[],"start":1567581702263,"stop":1567581702853},{"name":"Clicking on the GetQuote button","status":"passed","stage":"finished","steps":[],"attachments":[],"parameters":[],"start":1567581702853,"stop":1567581705159},{"name":"Verifying the OrderPage","status":"passed","stage":"finished","steps":[],"attachments":[],"parameters":[],"start":1567581705183,"stop":1567581705323},{"name":"Validating the county","status":"passed","stage":"finished","steps":[],"attachments":[],"parameters":[],"start":1567581705323,"stop":1567581705715},{"name":"Validating the OilType","status":"passed","stage":"finished","steps":[],"attachments":[],"parameters":[],"start":1567581705715,"stop":1567581706063},{"name":"Validating the Quantity","status":"passed","stage":"finished","steps":[],"attachments":[],"parameters":[],"start":1567581706063,"stop":1567581706131},{"name":"Click on OrderNow button","status":"passed","stage":"finished","steps":[],"attachments":[],"parameters":[],"start":1567581706131,"stop":1567581708836},{"name":"Click on the Register now button","status":"passed","stage":"finished","steps":[],"attachments":[],"parameters":[],"start":1567581708848,"stop":1567581711940},{"name":"To Enter the user details","status":"passed","stage":"finished","steps":[],"attachments":[],"parameters":[{"name":"title","value":"mr"},{"name":"Phone","value":"91-12345678"},{"name":"landline","value":"040-123456"}],"start":1567581711960,"stop":1567581719957},{"name":"To Enter the Billing Address  details","status":"passed","stage":"finished","steps":[],"attachments":[],"parameters":[],"start":1567581725021,"stop":1567581748724},{"name":"To Enter the Required Delivery Date","status":"passed","stage":"finished","steps":[],"attachments":[],"parameters":[],"start":1567581748724,"stop":1567581758686},{"name":"To Enter the Delivery Address details","status":"passed","stage":"finished","steps":[],"attachments":[],"parameters":[],"start":1567581758686,"stop":1567581787378},{"name":"To Enter the Password : Test@1234","status":"passed","stage":"finished","steps":[],"attachments":[],"parameters":[],"start":1567581787378,"stop":1567581789182},{"name":"To Enter the OrderNotes","status":"passed","stage":"finished","steps":[],"attachments":[],"parameters":[],"start":1567581789182,"stop":1567581789626},{"name":"To check the Marketing permissions","status":"passed","stage":"finished","steps":[],"attachments":[],"parameters":[],"start":1567581789626,"stop":1567581805070},{"name":"Verifying the Order summary details","status":"passed","stage":"finished","steps":[],"attachments":[],"parameters":[],"start":1567581805070,"stop":1567581809721},{"name":"To Enter Payment details ","status":"passed","stage":"finished","steps":[{"name":"Verifying the Order summary details","status":"passed","stage":"finished","steps":[],"attachments":[],"parameters":[],"start":1567581826133,"stop":1567581830502}],"attachments":[],"parameters":[],"start":1567581809721,"stop":1567581862048},{"name":"Verifying the Order Confirmation Page","status":"broken","statusDetails":{"known":false,"muted":false,"flaky":false,"message":"invalid selector: The result of the xpath expression \"//a[@id='wizard-t-0']/text()\" is: [object Text]. It should be an element.\n  (Session info: chrome=76.0.3809.132)\nFor documentation on this error, please visit: http://seleniumhq.org/exceptions/invalid_selector_exception.html\nBuild info: version: '3.14.0', revision: 'aacccce0', time: '2018-08-02T20:19:58.91Z'\nSystem info: host: 'DESKTOP-AL9GHFP', ip: '10.0.75.1', os.name: 'Windows 10', os.arch: 'amd64', os.version: '10.0', java.version: '1.8.0_181'\nDriver info: org.openqa.selenium.chrome.ChromeDriver\nCapabilities {acceptInsecureCerts: false, browserName: chrome, browserVersion: 76.0.3809.132, chrome: {chromedriverVersion: 75.0.3770.90 (a6dcaf7e3ec6f..., userDataDir: C:\\Users\\dell\\AppData\\Local...}, goog:chromeOptions: {debuggerAddress: localhost:57369}, javascriptEnabled: true, networkConnectionEnabled: false, pageLoadStrategy: normal, platform: XP, platformName: XP, proxy: Proxy(), setWindowRect: true, strictFileInteractability: false, timeouts: {implicit: 0, pageLoad: 300000, script: 30000}, unhandledPromptBehavior: dismiss and notify}\nSession ID: 2ae6f7c640c13c82d81d98464815864e\n*** Element info: {Using=xpath, value=//a[@id='wizard-t-0']/text()}","trace":"org.openqa.selenium.InvalidSelectorException: invalid selector: The result of the xpath expression \"//a[@id='wizard-t-0']/text()\" is: [object Text]. It should be an element.\n  (Session info: chrome=76.0.3809.132)\nFor documentation on this error, please visit: http://seleniumhq.org/exceptions/invalid_selector_exception.html\nBuild info: version: '3.14.0', revision: 'aacccce0', time: '2018-08-02T20:19:58.91Z'\nSystem info: host: 'DESKTOP-AL9GHFP', ip: '10.0.75.1', os.name: 'Windows 10', os.arch: 'amd64', os.version: '10.0', java.version: '1.8.0_181'\nDriver info: org.openqa.selenium.chrome.ChromeDriver\nCapabilities {acceptInsecureCerts: false, browserName: chrome, browserVersion: 76.0.3809.132, chrome: {chromedriverVersion: 75.0.3770.90 (a6dcaf7e3ec6f..., userDataDir: C:\\Users\\dell\\AppData\\Local...}, goog:chromeOptions: {debuggerAddress: localhost:57369}, javascriptEnabled: true, networkConnectionEnabled: false, pageLoadStrategy: normal, platform: XP, platformName: XP, proxy: Proxy(), setWindowRect: true, strictFileInteractability: false, timeouts: {implicit: 0, pageLoad: 300000, script: 30000}, unhandledPromptBehavior: dismiss and notify}\nSession ID: 2ae6f7c640c13c82d81d98464815864e\n*** Element info: {Using=xpath, value=//a[@id='wizard-t-0']/text()}\r\n\tat sun.reflect.NativeConstructorAccessorImpl.newInstance0(Native Method)\r\n\tat sun.reflect.NativeConstructorAccessorImpl.newInstance(NativeConstructorAccessorImpl.java:62)\r\n\tat sun.reflect.DelegatingConstructorAccessorImpl.newInstance(DelegatingConstructorAccessorImpl.java:45)\r\n\tat java.lang.reflect.Constructor.newInstance(Constructor.java:423)\r\n\tat org.openqa.selenium.remote.http.W3CHttpResponseCodec.createException(W3CHttpResponseCodec.java:187)\r\n\tat org.openqa.selenium.remote.http.W3CHttpResponseCodec.decode(W3CHttpResponseCodec.java:122)\r\n\tat org.openqa.selenium.remote.http.W3CHttpResponseCodec.decode(W3CHttpResponseCodec.java:49)\r\n\tat org.openqa.selenium.remote.HttpCommandExecutor.execute(HttpCommandExecutor.java:158)\r\n\tat org.openqa.selenium.remote.service.DriverCommandExecutor.execute(DriverCommandExecutor.java:83)\r\n\tat org.openqa.selenium.remote.RemoteWebDriver.execute(RemoteWebDriver.java:548)\r\n\tat org.openqa.selenium.remote.RemoteWebDriver.findElement(RemoteWebDriver.java:322)\r\n\tat org.openqa.selenium.remote.RemoteWebDriver.findElementByXPath(RemoteWebDriver.java:424)\r\n\tat org.openqa.selenium.By$ByXPath.findElement(By.java:353)\r\n\tat org.openqa.selenium.remote.RemoteWebDriver.findElement(RemoteWebDriver.java:314)\r\n\tat sun.reflect.GeneratedMethodAccessor3.invoke(Unknown Source)\r\n\tat sun.reflect.DelegatingMethodAccessorImpl.invoke(DelegatingMethodAccessorImpl.java:43)\r\n\tat java.lang.reflect.Method.invoke(Method.java:498)\r\n\tat org.openqa.selenium.support.events.EventFiringWebDriver.lambda$new$1(EventFiringWebDriver.java:105)\r\n\tat com.sun.proxy.$Proxy11.findElement(Unknown Source)\r\n\tat org.openqa.selenium.support.events.EventFiringWebDriver.findElement(EventFiringWebDriver.java:194)\r\n\tat org.openqa.selenium.support.pagefactory.DefaultElementLocator.findElement(DefaultElementLocator.java:69)\r\n\tat org.openqa.selenium.support.pagefactory.internal.LocatingElementHandler.invoke(LocatingElementHandler.java:38)\r\n\tat com.sun.proxy.$Proxy15.isDisplayed(Unknown Source)\r\n\tat com.campusOil.qa.pages.PlaceOrderAsRegisteredUser.OrderConfirmationPage(PlaceOrderAsRegisteredUser.java:1106)\r\n\tat com.campus.qa.testcases.PlaceOrderAsRegisteredUserTest.ToPlaceOrderAsUnRegisteredUserTest(PlaceOrderAsRegisteredUserTest.java:136)\r\n\tat sun.reflect.NativeMethodAccessorImpl.invoke0(Native Method)\r\n\tat sun.reflect.NativeMethodAccessorImpl.invoke(NativeMethodAccessorImpl.java:62)\r\n\tat sun.reflect.DelegatingMethodAccessorImpl.invoke(DelegatingMethodAccessorImpl.java:43)\r\n\tat java.lang.reflect.Method.invoke(Method.java:498)\r\n\tat org.testng.internal.MethodInvocationHelper.invokeMethod(MethodInvocationHelper.java:108)\r\n\tat org.testng.internal.Invoker.invokeMethod(Invoker.java:661)\r\n\tat org.testng.internal.Invoker.invokeTestMethod(Invoker.java:869)\r\n\tat org.testng.internal.Invoker.invokeTestMethods(Invoker.java:1193)\r\n\tat org.testng.internal.TestMethodWorker.invokeTestMethods(TestMethodWorker.java:126)\r\n\tat org.testng.internal.TestMethodWorker.run(TestMethodWorker.java:109)\r\n\tat org.testng.TestRunner.privateRun(TestRunner.java:744)\r\n\tat org.testng.TestRunner.run(TestRunner.java:602)\r\n\tat org.testng.SuiteRunner.runTest(SuiteRunner.java:380)\r\n\tat org.testng.SuiteRunner.runSequentially(SuiteRunner.java:375)\r\n\tat org.testng.SuiteRunner.privateRun(SuiteRunner.java:340)\r\n\tat org.testng.SuiteRunner.run(SuiteRunner.java:289)\r\n\tat org.testng.SuiteRunnerWorker.runSuite(SuiteRunnerWorker.java:52)\r\n\tat org.testng.SuiteRunnerWorker.run(SuiteRunnerWorker.java:86)\r\n\tat org.testng.TestNG.runSuitesSequentially(TestNG.java:1301)\r\n\tat org.testng.TestNG.runSuitesLocally(TestNG.java:1226)\r\n\tat org.testng.TestNG.runSuites(TestNG.java:1144)\r\n\tat org.testng.TestNG.run(TestNG.java:1115)\r\n\tat org.apache.maven.surefire.testng.TestNGExecutor.run(TestNGExecutor.java:283)\r\n\tat org.apache.maven.surefire.testng.TestNGXmlTestSuite.execute(TestNGXmlTestSuite.java:75)\r\n\tat org.apache.maven.surefire.testng.TestNGProvider.invoke(TestNGProvider.java:120)\r\n\tat org.apache.maven.surefire.booter.ForkedBooter.invokeProviderInSameClassLoader(ForkedBooter.java:386)\r\n\tat org.apache.maven.surefire.booter.ForkedBooter.runSuitesInProcess(ForkedBooter.java:323)\r\n\tat org.apache.maven.surefire.booter.ForkedBooter.main(ForkedBooter.java:143)\r\n"},"stage":"finished","steps":[],"attachments":[],"parameters":[],"start":1567581862048,"stop":1567581866018}],"attachments":[{"name":"Page screenshot","source":"a11723b4-7703-4a8e-bd76-b8e7e28fb695-attachment","type":"image/png"},{"name":"ToPlaceOrderAsUnRegisteredUserTest failed and screenshot taken!","source":"bcfca02f-e09c-4625-b8b0-134914abdbb7-attachment","type":"text/plain"}],"parameters":[{"name":"arg2","value":"040-123456"},{"name":"arg1","value":"91-12345678"},{"name":"arg0","value":"mr"}],"start":1567581700436,"stop":1567581866773,"uuid":"e6010bfb-9ead-4d80-9add-82a3a1fc6bc6","historyId":"b25c24e8b65ee10e46503048801b552b","fullName":"com.campus.qa.testcases.PlaceOrderAsRegisteredUserTest.ToPlaceOrderAsUnRegisteredUserTest","labels":[{"name":"package","value":"com.campus.qa.testcases.PlaceOrderAsRegisteredUserTest"},{"name":"testClass","value":"com.campus.qa.testcases.PlaceOrderAsRegisteredUserTest"},{"name":"testMethod","value":"ToPlaceOrderAsUnRegisteredUserTest"},{"name":"parentSuite","value":"Campus Oil Test Automation Suite"},{"name":"suite","value":"Automated Test Run"},{"name":"subSuite","value":"com.campus.qa.testcases.PlaceOrderAsRegisteredUserTest"},{"name":"host","value":"DESKTOP-AL9GHFP"},{"name":"thread","value":"13160@DESKTOP-AL9GHFP.main(1)"},{"name":"framework","value":"testng"},{"name":"language","value":"java"},{"name":"story","value":"Use case : Place and order as an unrgistered user and get the check all the totals with products and totals in all the pages"},{"name":"severity","value":"critical"}],"links":[]}