<?xml version="1.0" encoding="UTF-8"?>
<!-- Generated by org.testng.reporters.JUnitXMLReporter -->
<testsuite hostname="DESKTOP-AL9GHFP" ignored="0" name="Campus Oil Test Suite" tests="9" failures="0" timestamp="12 Jul 2019 16:28:14 GMT" time="78.893" errors="0">
  <testcase name="@BeforeMethod setUp" time="33.638" classname="com.campus.qa.testcases.LoginPageTest">
    <failure type="java.lang.NoClassDefFoundError" message="com/campusOil/qa/pages/LoginPage">
      <![CDATA[java.lang.NoClassDefFoundError: com/campusOil/qa/pages/LoginPage
	at com.campus.qa.testcases.LoginPageTest.setUp(LoginPageTest.java:26)
Caused by: java.lang.ClassNotFoundException: com.campusOil.qa.pages.LoginPage
	at java.net.URLClassLoader.findClass(URLClassLoader.java:381)
	at java.lang.ClassLoader.loadClass(ClassLoader.java:424)
	at sun.misc.Launcher$AppClassLoader.loadClass(Launcher.java:349)
	at java.lang.ClassLoader.loadClass(ClassLoader.java:357)
	... 28 more
... Removed 27 stack frames]]>
    </failure>
  </testcase> <!-- @BeforeMethod setUp -->
  <testcase name="@BeforeMethod setUp" time="44.714" classname="com.campus.qa.testcases.HomePageTest">
    <failure type="java.lang.NoClassDefFoundError" message="com/campusOil/qa/pages/HomePage">
      <![CDATA[java.lang.NoClassDefFoundError: com/campusOil/qa/pages/HomePage
	at com.campus.qa.testcases.HomePageTest.setUp(HomePageTest.java:26)
Caused by: java.lang.ClassNotFoundException: com.campusOil.qa.pages.HomePage
	at java.net.URLClassLoader.findClass(URLClassLoader.java:381)
	at java.lang.ClassLoader.loadClass(ClassLoader.java:424)
	at sun.misc.Launcher$AppClassLoader.loadClass(Launcher.java:349)
	at java.lang.ClassLoader.loadClass(ClassLoader.java:357)
	... 28 more
... Removed 27 stack frames]]>
    </failure>
  </testcase> <!-- @BeforeMethod setUp -->
  <testcase name="@BeforeMethod setUp" time="0.0" classname="com.campus.qa.testcases.LoginPageTest">
    <skipped/>
  </testcase> <!-- @BeforeMethod setUp -->
  <testcase name="@BeforeMethod setUp" time="0.0" classname="com.campus.qa.testcases.HomePageTest">
    <skipped/>
  </testcase> <!-- @BeforeMethod setUp -->
  <testcase name="@BeforeMethod setUp" time="0.0" classname="com.campus.qa.testcases.LoginPageTest">
    <skipped/>
  </testcase> <!-- @BeforeMethod setUp -->
  <testcase name="@BeforeMethod setUp" time="0.0" classname="com.campus.qa.testcases.HomePageTest">
    <skipped/>
  </testcase> <!-- @BeforeMethod setUp -->
  <testcase name="@BeforeMethod setUp" time="0.0" classname="com.campus.qa.testcases.LoginPageTest">
    <skipped/>
  </testcase> <!-- @BeforeMethod setUp -->
  <testcase name="@BeforeMethod setUp" time="0.0" classname="com.campus.qa.testcases.HomePageTest">
    <skipped/>
  </testcase> <!-- @BeforeMethod setUp -->
  <testcase name="@BeforeMethod setUp" time="0.0" classname="com.campus.qa.testcases.HomePageTest">
    <skipped/>
  </testcase> <!-- @BeforeMethod setUp -->
  <testcase name="VerifyloginPageTitleTest" time="0.116" classname="com.campus.qa.testcases.LoginPageTest">
    <skipped/>
  </testcase> <!-- VerifyloginPageTitleTest -->
  <testcase name="verifyLogoTest" time="0.0" classname="com.campus.qa.testcases.HomePageTest">
    <skipped/>
  </testcase> <!-- verifyLogoTest -->
  <testcase name="VerifycampusLogoTest" time="0.0" classname="com.campus.qa.testcases.LoginPageTest">
    <skipped/>
  </testcase> <!-- VerifycampusLogoTest -->
  <testcase name="verifyHomepageLinks" time="0.0" classname="com.campus.qa.testcases.HomePageTest">
    <skipped/>
  </testcase> <!-- verifyHomepageLinks -->
  <testcase name="VerifyclickLoginnowTest" time="0.0" classname="com.campus.qa.testcases.LoginPageTest">
    <skipped/>
  </testcase> <!-- VerifyclickLoginnowTest -->
  <testcase name="verifyPageHeaderBannerLinks" time="0.0" classname="com.campus.qa.testcases.HomePageTest">
    <skipped/>
  </testcase> <!-- verifyPageHeaderBannerLinks -->
  <testcase name="VerifyloginTest" time="0.0" classname="com.campus.qa.testcases.LoginPageTest">
    <skipped/>
  </testcase> <!-- VerifyloginTest -->
  <testcase name="verifyPageFooterLogoTest" time="0.0" classname="com.campus.qa.testcases.HomePageTest">
    <skipped/>
  </testcase> <!-- verifyPageFooterLogoTest -->
  <testcase name="verifyTitle" time="0.0" classname="com.campus.qa.testcases.HomePageTest">
    <skipped/>
  </testcase> <!-- verifyTitle -->
</testsuite> <!-- Campus Oil Test Suite -->
