<!DOCTYPE html PUBLIC "-//W3C//DTD XHTML 1.1//EN" "http://www.w3.org/TR/xhtml11/DTD/xhtml11.dtd">
<html xmlns="http://www.w3.org/1999/xhtml"><head><title>TestNG Report</title><style type="text/css">table {margin-bottom:10px;border-collapse:collapse;empty-cells:show}th,td {border:1px solid #009;padding:.25em .5em}th {vertical-align:bottom}td {vertical-align:top}table a {font-weight:bold}.stripe td {background-color: #E6EBF9}.num {text-align:right}.passedodd td {background-color: #3F3}.passedeven td {background-color: #0A0}.skippedodd td {background-color: #DDD}.skippedeven td {background-color: #CCC}.failedodd td,.attn {background-color: #F33}.failedeven td,.stripe .attn {background-color: #D00}.stacktrace {white-space:pre;font-family:monospace}.totop {font-size:85%;text-align:center;border-bottom:2px solid #000}</style></head><body><table><tr><th>Test</th><th># Passed</th><th># Skipped</th><th># Failed</th><th>Time (ms)</th><th>Included Groups</th><th>Excluded Groups</th></tr><tr><th colspan="7">Campus Oil Test Automation Suite</th></tr><tr><td><a href="#t0">Automated Test Run</a></td><td class="num">9</td><td class="num">0</td><td class="num attn">5</td><td class="num">723,519</td><td></td><td></td></tr></table><table id='summary'><thead><tr><th>Class</th><th>Method</th><th>Start</th><th>Time (ms)</th></tr></thead><tbody><tr><th colspan="4">Campus Oil Test Automation Suite</th></tr></tbody><tbody id="t0"><tr><th colspan="4">Automated Test Run &#8212; failed</th></tr><tr class="failedeven"><td rowspan="1">com.campus.qa.testcases.HomePageTest</td><td><a href="#m0">verifyTitle</a></td><td rowspan="1">1568183133989</td><td rowspan="1">43</td></tr><tr class="failedodd"><td rowspan="4">com.campus.qa.testcases.LoginPageTest</td><td><a href="#m1">VerifycampusLogoTest</a></td><td rowspan="1">1568182774707</td><td rowspan="1">124</td></tr><tr class="failedodd"><td><a href="#m2">VerifyclickLoginnowTest</a></td><td rowspan="1">1568183030724</td><td rowspan="1">21865</td></tr><tr class="failedodd"><td><a href="#m3">VerifyloginPageTitleTest</a></td><td rowspan="1">1568182495094</td><td rowspan="1">250</td></tr><tr class="failedodd"><td><a href="#m4">VerifyloginTest</a></td><td rowspan="1">1568183083743</td><td rowspan="1">22064</td></tr><tr><th colspan="4">Automated Test Run &#8212; passed</th></tr><tr class="passedeven"><td rowspan="7">com.campus.qa.testcases.HomePageTest</td><td><a href="#m5">verifyAboutUSLinkTest</a></td><td rowspan="1">1568183147316</td><td rowspan="1">2179</td></tr><tr class="passedeven"><td><a href="#m6">verifyHomepageLinks</a></td><td rowspan="1">1568182790819</td><td rowspan="1">715</td></tr><tr class="passedeven"><td><a href="#m7">verifyLogoTest</a></td><td rowspan="1">1568182518905</td><td rowspan="1">768</td></tr><tr class="passedeven"><td><a href="#m8">verifyNewsLinkTest</a></td><td rowspan="1">1568183159627</td><td rowspan="1">2319</td></tr><tr class="passedeven"><td><a href="#m9">verifyOrderFormpageLinkTest</a></td><td rowspan="1">1568183173575</td><td rowspan="1">2155</td></tr><tr class="passedeven"><td><a href="#m10">verifyPageFooterLogoTest</a></td><td rowspan="1">1568183121525</td><td rowspan="1">92</td></tr><tr class="passedeven"><td><a href="#m11">verifyPageHeaderBannerLinks</a></td><td rowspan="1">1568183072466</td><td rowspan="1">180</td></tr><tr class="passedodd"><td rowspan="2">com.campus.qa.testcases.PlaceOrderAsRegisteredUserTest</td><td><a href="#m12">ToPlaceAnOrderAsRegisteredUser</a></td><td rowspan="1">1568182805827</td><td rowspan="1">212336</td></tr><tr class="passedodd"><td><a href="#m13">ToPlaceOrderAsUnRegisteredUserTest</a></td><td rowspan="1">1568182539660</td><td rowspan="1">220611</td></tr></tbody></table><h2>Automated Test Run</h2><h3 id="m0">com.campus.qa.testcases.HomePageTest#verifyTitle</h3><table class="result"><tr><th>Exception</th></tr><tr><td><div class="stacktrace">java.lang.AssertionError: expected [Order Heating Oil Online Buy Heating Oil Ireland] but found [Order Home Heating Oil Online Buy Heating Oil Ireland]
	at com.campus.qa.testcases.HomePageTest.verifyTitle(HomePageTest.java:66)
... Removed 34 stack frames</div></td></tr></table><p class="totop"><a href="#summary">back to summary</a></p><h3 id="m1">com.campus.qa.testcases.LoginPageTest#VerifycampusLogoTest</h3><table class="result"><tr><th>Exception</th></tr><tr><td><div class="stacktrace">java.lang.AssertionError: expected [true] but found [false]
	at com.campus.qa.testcases.LoginPageTest.VerifycampusLogoTest(LoginPageTest.java:60)
... Removed 32 stack frames</div></td></tr></table><p class="totop"><a href="#summary">back to summary</a></p><h3 id="m2">com.campus.qa.testcases.LoginPageTest#VerifyclickLoginnowTest</h3><table class="result"><tr><th>Exception</th></tr><tr><td><div class="stacktrace">org.openqa.selenium.ElementNotInteractableException: element not interactable
  (Session info: chrome=76.0.3809.132)
Build info: version: &apos;3.14.0&apos;, revision: &apos;aacccce0&apos;, time: &apos;2018-08-02T20:19:58.91Z&apos;
System info: host: &apos;DESKTOP-AL9GHFP&apos;, ip: &apos;10.0.75.1&apos;, os.name: &apos;Windows 10&apos;, os.arch: &apos;amd64&apos;, os.version: &apos;10.0&apos;, java.version: &apos;1.8.0_221&apos;
Driver info: org.openqa.selenium.chrome.ChromeDriver
Capabilities {acceptInsecureCerts: false, browserName: chrome, browserVersion: 76.0.3809.132, chrome: {chromedriverVersion: 75.0.3770.90 (a6dcaf7e3ec6f..., userDataDir: C:\Users\dell\AppData\Local...}, goog:chromeOptions: {debuggerAddress: localhost:55507}, javascriptEnabled: true, networkConnectionEnabled: false, pageLoadStrategy: normal, platform: XP, platformName: XP, proxy: Proxy(), setWindowRect: true, strictFileInteractability: false, timeouts: {implicit: 0, pageLoad: 300000, script: 30000}, unhandledPromptBehavior: dismiss and notify}
Session ID: d123affeb89466d4c64c0c6022e56215
	at org.openqa.selenium.remote.http.W3CHttpResponseCodec.createException(W3CHttpResponseCodec.java:187)
	at org.openqa.selenium.remote.http.W3CHttpResponseCodec.decode(W3CHttpResponseCodec.java:122)
	at org.openqa.selenium.remote.http.W3CHttpResponseCodec.decode(W3CHttpResponseCodec.java:49)
	at org.openqa.selenium.remote.HttpCommandExecutor.execute(HttpCommandExecutor.java:158)
	at org.openqa.selenium.remote.service.DriverCommandExecutor.execute(DriverCommandExecutor.java:83)
	at org.openqa.selenium.remote.RemoteWebDriver.execute(RemoteWebDriver.java:548)
	at org.openqa.selenium.remote.RemoteWebElement.execute(RemoteWebElement.java:276)
	at org.openqa.selenium.remote.RemoteWebElement.click(RemoteWebElement.java:83)
	at org.openqa.selenium.support.events.EventFiringWebDriver$EventFiringWebElement.lambda$new$0(EventFiringWebDriver.java:403)
	at com.sun.proxy.$Proxy27.click(Unknown Source)
	at org.openqa.selenium.support.events.EventFiringWebDriver$EventFiringWebElement.click(EventFiringWebDriver.java:416)
	at org.openqa.selenium.support.pagefactory.internal.LocatingElementHandler.invoke(LocatingElementHandler.java:51)
	at com.sun.proxy.$Proxy17.click(Unknown Source)
	at com.campusOil.qa.pages.LoginPage.clickLoginnowButton(LoginPage.java:50)
	at com.campus.qa.testcases.LoginPageTest.VerifyclickLoginnowTest(LoginPageTest.java:66)
... Removed 38 stack frames</div></td></tr></table><p class="totop"><a href="#summary">back to summary</a></p><h3 id="m3">com.campus.qa.testcases.LoginPageTest#VerifyloginPageTitleTest</h3><table class="result"><tr><th>Exception</th></tr><tr><td><div class="stacktrace">java.lang.AssertionError: expected [Order Heating Oil Online Buy Heating Oil Ireland] but found [Order Home Heating Oil Online Buy Heating Oil Ireland]
	at com.campus.qa.testcases.LoginPageTest.VerifyloginPageTitleTest(LoginPageTest.java:53)
... Removed 34 stack frames</div></td></tr></table><p class="totop"><a href="#summary">back to summary</a></p><h3 id="m4">com.campus.qa.testcases.LoginPageTest#VerifyloginTest</h3><table class="result"><tr><th>Exception</th></tr><tr><td><div class="stacktrace">org.openqa.selenium.ElementNotInteractableException: element not interactable
  (Session info: chrome=76.0.3809.132)
Build info: version: &apos;3.14.0&apos;, revision: &apos;aacccce0&apos;, time: &apos;2018-08-02T20:19:58.91Z&apos;
System info: host: &apos;DESKTOP-AL9GHFP&apos;, ip: &apos;10.0.75.1&apos;, os.name: &apos;Windows 10&apos;, os.arch: &apos;amd64&apos;, os.version: &apos;10.0&apos;, java.version: &apos;1.8.0_221&apos;
Driver info: org.openqa.selenium.chrome.ChromeDriver
Capabilities {acceptInsecureCerts: false, browserName: chrome, browserVersion: 76.0.3809.132, chrome: {chromedriverVersion: 75.0.3770.90 (a6dcaf7e3ec6f..., userDataDir: C:\Users\dell\AppData\Local...}, goog:chromeOptions: {debuggerAddress: localhost:55610}, javascriptEnabled: true, networkConnectionEnabled: false, pageLoadStrategy: normal, platform: XP, platformName: XP, proxy: Proxy(), setWindowRect: true, strictFileInteractability: false, timeouts: {implicit: 0, pageLoad: 300000, script: 30000}, unhandledPromptBehavior: dismiss and notify}
Session ID: 6c6e7bc0f35d6433072fda1b40784811
	at org.openqa.selenium.remote.http.W3CHttpResponseCodec.createException(W3CHttpResponseCodec.java:187)
	at org.openqa.selenium.remote.http.W3CHttpResponseCodec.decode(W3CHttpResponseCodec.java:122)
	at org.openqa.selenium.remote.http.W3CHttpResponseCodec.decode(W3CHttpResponseCodec.java:49)
	at org.openqa.selenium.remote.HttpCommandExecutor.execute(HttpCommandExecutor.java:158)
	at org.openqa.selenium.remote.service.DriverCommandExecutor.execute(DriverCommandExecutor.java:83)
	at org.openqa.selenium.remote.RemoteWebDriver.execute(RemoteWebDriver.java:548)
	at org.openqa.selenium.remote.RemoteWebElement.execute(RemoteWebElement.java:276)
	at org.openqa.selenium.remote.RemoteWebElement.click(RemoteWebElement.java:83)
	at org.openqa.selenium.support.events.EventFiringWebDriver$EventFiringWebElement.lambda$new$0(EventFiringWebDriver.java:403)
	at com.sun.proxy.$Proxy27.click(Unknown Source)
	at org.openqa.selenium.support.events.EventFiringWebDriver$EventFiringWebElement.click(EventFiringWebDriver.java:416)
	at org.openqa.selenium.support.pagefactory.internal.LocatingElementHandler.invoke(LocatingElementHandler.java:51)
	at com.sun.proxy.$Proxy17.click(Unknown Source)
	at com.campusOil.qa.pages.LoginPage.clickLoginnowButton(LoginPage.java:50)
	at com.campus.qa.testcases.LoginPageTest.VerifyloginTest(LoginPageTest.java:73)
... Removed 38 stack frames</div></td></tr></table><p class="totop"><a href="#summary">back to summary</a></p><h3 id="m5">com.campus.qa.testcases.HomePageTest#verifyAboutUSLinkTest</h3><table class="result"></table><p class="totop"><a href="#summary">back to summary</a></p><h3 id="m6">com.campus.qa.testcases.HomePageTest#verifyHomepageLinks</h3><table class="result"></table><p class="totop"><a href="#summary">back to summary</a></p><h3 id="m7">com.campus.qa.testcases.HomePageTest#verifyLogoTest</h3><table class="result"></table><p class="totop"><a href="#summary">back to summary</a></p><h3 id="m8">com.campus.qa.testcases.HomePageTest#verifyNewsLinkTest</h3><table class="result"></table><p class="totop"><a href="#summary">back to summary</a></p><h3 id="m9">com.campus.qa.testcases.HomePageTest#verifyOrderFormpageLinkTest</h3><table class="result"></table><p class="totop"><a href="#summary">back to summary</a></p><h3 id="m10">com.campus.qa.testcases.HomePageTest#verifyPageFooterLogoTest</h3><table class="result"></table><p class="totop"><a href="#summary">back to summary</a></p><h3 id="m11">com.campus.qa.testcases.HomePageTest#verifyPageHeaderBannerLinks</h3><table class="result"></table><p class="totop"><a href="#summary">back to summary</a></p><h3 id="m12">com.campus.qa.testcases.PlaceOrderAsRegisteredUserTest#ToPlaceAnOrderAsRegisteredUser</h3><table class="result"><tr class="param"><th>Parameter #1</th><th>Parameter #2</th><th>Parameter #3</th></tr><tr class="param stripe"><td>mr</td><td>91-12345678</td><td>040-123456</td></tr></table><p class="totop"><a href="#summary">back to summary</a></p><h3 id="m13">com.campus.qa.testcases.PlaceOrderAsRegisteredUserTest#ToPlaceOrderAsUnRegisteredUserTest</h3><table class="result"><tr class="param"><th>Parameter #1</th><th>Parameter #2</th><th>Parameter #3</th></tr><tr class="param stripe"><td>mr</td><td>91-12345678</td><td>040-123456</td></tr></table><p class="totop"><a href="#summary">back to summary</a></p></body></html>