<!DOCTYPE html>

<html>
  <head>
  <meta charset='utf-8'>
  <title>TestNG reports</title>

    <link type="text/css" href="testng-reports.css" rel="stylesheet" />
    <script type="text/javascript" src="jquery-1.7.1.min.js"></script>
    <script type="text/javascript" src="testng-reports.js"></script>
    <script type="text/javascript" src="https://www.google.com/jsapi"></script>
    <script type='text/javascript'>
      google.load('visualization', '1', {packages:['table']});
      google.setOnLoadCallback(drawTable);
      var suiteTableInitFunctions = new Array();
      var suiteTableData = new Array();
    </script>
    <!--
      <script type="text/javascript" src="jquery-ui/js/jquery-ui-1.8.16.custom.min.js"></script>
     -->
  </head>

  <body>
    <div class="top-banner-root">
      <span class="top-banner-title-font">Test results</span>
      <br/>
      <span class="top-banner-font-1">1 suite, 5 failed tests</span>
    </div> <!-- top-banner-root -->
    <div class="navigator-root">
      <div class="navigator-suite-header">
        <span>All suites</span>
        <a href="#" class="collapse-all-link" title="Collapse/expand all the suites">
          <img class="collapse-all-icon" src="collapseall.gif">
          </img> <!-- collapse-all-icon -->
        </a> <!-- collapse-all-link -->
      </div> <!-- navigator-suite-header -->
      <div class="suite">
        <div class="rounded-window">
          <div class="suite-header light-rounded-window-top">
            <a href="#" class="navigator-link" panel-name="suite-Campus_Oil_Test_Automation_Suite">
              <span class="suite-name border-failed">Campus Oil Test Automation Suite</span>
            </a> <!-- navigator-link -->
          </div> <!-- suite-header light-rounded-window-top -->
          <div class="navigator-suite-content">
            <div class="suite-section-title">
              <span>Info</span>
            </div> <!-- suite-section-title -->
            <div class="suite-section-content">
              <ul>
                <li>
                  <a href="#" class="navigator-link " panel-name="test-xml-Campus_Oil_Test_Automation_Suite">
                    <span>C:\Users\dell\Desktop\photonclipse\CampusOil.ie\testng.xml</span>
                  </a> <!-- navigator-link  -->
                </li>
                <li>
                  <a href="#" class="navigator-link " panel-name="testlist-Campus_Oil_Test_Automation_Suite">
                    <span class="test-stats">1 test</span>
                  </a> <!-- navigator-link  -->
                </li>
                <li>
                  <a href="#" class="navigator-link " panel-name="group-Campus_Oil_Test_Automation_Suite">
                    <span>0 groups</span>
                  </a> <!-- navigator-link  -->
                </li>
                <li>
                  <a href="#" class="navigator-link " panel-name="times-Campus_Oil_Test_Automation_Suite">
                    <span>Times</span>
                  </a> <!-- navigator-link  -->
                </li>
                <li>
                  <a href="#" class="navigator-link " panel-name="reporter-Campus_Oil_Test_Automation_Suite">
                    <span>Reporter output</span>
                  </a> <!-- navigator-link  -->
                </li>
                <li>
                  <a href="#" class="navigator-link " panel-name="ignored-methods-Campus_Oil_Test_Automation_Suite">
                    <span>Ignored methods</span>
                  </a> <!-- navigator-link  -->
                </li>
                <li>
                  <a href="#" class="navigator-link " panel-name="chronological-Campus_Oil_Test_Automation_Suite">
                    <span>Chronological view</span>
                  </a> <!-- navigator-link  -->
                </li>
              </ul>
            </div> <!-- suite-section-content -->
            <div class="result-section">
              <div class="suite-section-title">
                <span>Results</span>
              </div> <!-- suite-section-title -->
              <div class="suite-section-content">
                <ul>
                  <li>
                    <span class="method-stats">14 methods, 5 failed,   9 passed</span>
                  </li>
                  <li>
                    <span class="method-list-title failed">Failed methods</span>
                    <span class="show-or-hide-methods failed">
                      <a href="#" panel-name="suite-Campus_Oil_Test_Automation_Suite" class="hide-methods failed suite-Campus_Oil_Test_Automation_Suite"> (hide)</a> <!-- hide-methods failed suite-Campus_Oil_Test_Automation_Suite -->
                      <a href="#" panel-name="suite-Campus_Oil_Test_Automation_Suite" class="show-methods failed suite-Campus_Oil_Test_Automation_Suite"> (show)</a> <!-- show-methods failed suite-Campus_Oil_Test_Automation_Suite -->
                    </span>
                    <div class="method-list-content failed suite-Campus_Oil_Test_Automation_Suite">
                      <span>
                        <img width="3%" src="failed.png"/>
                        <a href="#" class="method navigator-link" panel-name="suite-Campus_Oil_Test_Automation_Suite" title="com.campus.qa.testcases.LoginPageTest" hash-for-method="VerifycampusLogoTest">VerifycampusLogoTest</a> <!-- method navigator-link -->
                      </span>
                      <br/>
                      <span>
                        <img width="3%" src="failed.png"/>
                        <a href="#" class="method navigator-link" panel-name="suite-Campus_Oil_Test_Automation_Suite" title="com.campus.qa.testcases.LoginPageTest" hash-for-method="VerifyclickLoginnowTest">VerifyclickLoginnowTest</a> <!-- method navigator-link -->
                      </span>
                      <br/>
                      <span>
                        <img width="3%" src="failed.png"/>
                        <a href="#" class="method navigator-link" panel-name="suite-Campus_Oil_Test_Automation_Suite" title="com.campus.qa.testcases.LoginPageTest" hash-for-method="VerifyloginPageTitleTest">VerifyloginPageTitleTest</a> <!-- method navigator-link -->
                      </span>
                      <br/>
                      <span>
                        <img width="3%" src="failed.png"/>
                        <a href="#" class="method navigator-link" panel-name="suite-Campus_Oil_Test_Automation_Suite" title="com.campus.qa.testcases.LoginPageTest" hash-for-method="VerifyloginTest">VerifyloginTest</a> <!-- method navigator-link -->
                      </span>
                      <br/>
                      <span>
                        <img width="3%" src="failed.png"/>
                        <a href="#" class="method navigator-link" panel-name="suite-Campus_Oil_Test_Automation_Suite" title="com.campus.qa.testcases.HomePageTest" hash-for-method="verifyTitle">verifyTitle</a> <!-- method navigator-link -->
                      </span>
                      <br/>
                    </div> <!-- method-list-content failed suite-Campus_Oil_Test_Automation_Suite -->
                  </li>
                  <li>
                    <span class="method-list-title passed">Passed methods</span>
                    <span class="show-or-hide-methods passed">
                      <a href="#" panel-name="suite-Campus_Oil_Test_Automation_Suite" class="hide-methods passed suite-Campus_Oil_Test_Automation_Suite"> (hide)</a> <!-- hide-methods passed suite-Campus_Oil_Test_Automation_Suite -->
                      <a href="#" panel-name="suite-Campus_Oil_Test_Automation_Suite" class="show-methods passed suite-Campus_Oil_Test_Automation_Suite"> (show)</a> <!-- show-methods passed suite-Campus_Oil_Test_Automation_Suite -->
                    </span>
                    <div class="method-list-content passed suite-Campus_Oil_Test_Automation_Suite">
                      <span>
                        <img width="3%" src="passed.png"/>
                        <a href="#" class="method navigator-link" panel-name="suite-Campus_Oil_Test_Automation_Suite" title="com.campus.qa.testcases.PlaceOrderAsRegisteredUserTest" hash-for-method="ToPlaceAnOrderAsRegisteredUser(mr, 91-12345678, 040-123456)">ToPlaceAnOrderAsRegisteredUser(mr, 91-12345678, 040-123456)</a> <!-- method navigator-link -->
                      </span>
                      <br/>
                      <span>
                        <img width="3%" src="passed.png"/>
                        <a href="#" class="method navigator-link" panel-name="suite-Campus_Oil_Test_Automation_Suite" title="com.campus.qa.testcases.PlaceOrderAsRegisteredUserTest" hash-for-method="ToPlaceOrderAsUnRegisteredUserTest(mr, 91-12345678, 040-123456)">ToPlaceOrderAsUnRegisteredUserTest(mr, 91-12345678, 040-123456)</a> <!-- method navigator-link -->
                      </span>
                      <br/>
                      <span>
                        <img width="3%" src="passed.png"/>
                        <a href="#" class="method navigator-link" panel-name="suite-Campus_Oil_Test_Automation_Suite" title="com.campus.qa.testcases.HomePageTest" hash-for-method="verifyAboutUSLinkTest">verifyAboutUSLinkTest</a> <!-- method navigator-link -->
                      </span>
                      <br/>
                      <span>
                        <img width="3%" src="passed.png"/>
                        <a href="#" class="method navigator-link" panel-name="suite-Campus_Oil_Test_Automation_Suite" title="com.campus.qa.testcases.HomePageTest" hash-for-method="verifyHomepageLinks">verifyHomepageLinks</a> <!-- method navigator-link -->
                      </span>
                      <br/>
                      <span>
                        <img width="3%" src="passed.png"/>
                        <a href="#" class="method navigator-link" panel-name="suite-Campus_Oil_Test_Automation_Suite" title="com.campus.qa.testcases.HomePageTest" hash-for-method="verifyLogoTest">verifyLogoTest</a> <!-- method navigator-link -->
                      </span>
                      <br/>
                      <span>
                        <img width="3%" src="passed.png"/>
                        <a href="#" class="method navigator-link" panel-name="suite-Campus_Oil_Test_Automation_Suite" title="com.campus.qa.testcases.HomePageTest" hash-for-method="verifyNewsLinkTest">verifyNewsLinkTest</a> <!-- method navigator-link -->
                      </span>
                      <br/>
                      <span>
                        <img width="3%" src="passed.png"/>
                        <a href="#" class="method navigator-link" panel-name="suite-Campus_Oil_Test_Automation_Suite" title="com.campus.qa.testcases.HomePageTest" hash-for-method="verifyOrderFormpageLinkTest">verifyOrderFormpageLinkTest</a> <!-- method navigator-link -->
                      </span>
                      <br/>
                      <span>
                        <img width="3%" src="passed.png"/>
                        <a href="#" class="method navigator-link" panel-name="suite-Campus_Oil_Test_Automation_Suite" title="com.campus.qa.testcases.HomePageTest" hash-for-method="verifyPageFooterLogoTest">verifyPageFooterLogoTest</a> <!-- method navigator-link -->
                      </span>
                      <br/>
                      <span>
                        <img width="3%" src="passed.png"/>
                        <a href="#" class="method navigator-link" panel-name="suite-Campus_Oil_Test_Automation_Suite" title="com.campus.qa.testcases.HomePageTest" hash-for-method="verifyPageHeaderBannerLinks">verifyPageHeaderBannerLinks</a> <!-- method navigator-link -->
                      </span>
                      <br/>
                    </div> <!-- method-list-content passed suite-Campus_Oil_Test_Automation_Suite -->
                  </li>
                </ul>
              </div> <!-- suite-section-content -->
            </div> <!-- result-section -->
          </div> <!-- navigator-suite-content -->
        </div> <!-- rounded-window -->
      </div> <!-- suite -->
    </div> <!-- navigator-root -->
    <div class="wrapper">
      <div class="main-panel-root">
        <div panel-name="suite-Campus_Oil_Test_Automation_Suite" class="panel Campus_Oil_Test_Automation_Suite">
          <div class="suite-Campus_Oil_Test_Automation_Suite-class-failed">
            <div class="main-panel-header rounded-window-top">
              <img src="failed.png"/>
              <span class="class-name">com.campus.qa.testcases.LoginPageTest</span>
            </div> <!-- main-panel-header rounded-window-top -->
            <div class="main-panel-content rounded-window-bottom">
              <div class="method">
                <div class="method-content">
                  <a name="VerifycampusLogoTest">
                  </a> <!-- VerifycampusLogoTest -->
                  <span class="method-name">VerifycampusLogoTest</span>
                  <div class="stack-trace">java.lang.AssertionError: expected [true] but found [false]
	at com.campus.qa.testcases.LoginPageTest.VerifycampusLogoTest(LoginPageTest.java:60)
... Removed 32 stack frames
</div> <!-- stack-trace -->
                </div> <!-- method-content -->
              </div> <!-- method -->
              <div class="method">
                <div class="method-content">
                  <a name="VerifyclickLoginnowTest">
                  </a> <!-- VerifyclickLoginnowTest -->
                  <span class="method-name">VerifyclickLoginnowTest</span>
                  <div class="stack-trace">org.openqa.selenium.ElementNotInteractableException: element not interactable
  (Session info: chrome=76.0.3809.132)
Build info: version: &apos;3.14.0&apos;, revision: &apos;aacccce0&apos;, time: &apos;2018-08-02T20:19:58.91Z&apos;
System info: host: &apos;DESKTOP-AL9GHFP&apos;, ip: &apos;10.0.75.1&apos;, os.name: &apos;Windows 10&apos;, os.arch: &apos;amd64&apos;, os.version: &apos;10.0&apos;, java.version: &apos;1.8.0_221&apos;
Driver info: org.openqa.selenium.chrome.ChromeDriver
Capabilities {acceptInsecureCerts: false, browserName: chrome, browserVersion: 76.0.3809.132, chrome: {chromedriverVersion: 75.0.3770.90 (a6dcaf7e3ec6f..., userDataDir: C:\Users\dell\AppData\Local...}, goog:chromeOptions: {debuggerAddress: localhost:55507}, javascriptEnabled: true, networkConnectionEnabled: false, pageLoadStrategy: normal, platform: XP, platformName: XP, proxy: Proxy(), setWindowRect: true, strictFileInteractability: false, timeouts: {implicit: 0, pageLoad: 300000, script: 30000}, unhandledPromptBehavior: dismiss and notify}
Session ID: d123affeb89466d4c64c0c6022e56215
	at org.openqa.selenium.remote.http.W3CHttpResponseCodec.createException(W3CHttpResponseCodec.java:187)
	at org.openqa.selenium.remote.http.W3CHttpResponseCodec.decode(W3CHttpResponseCodec.java:122)
	at org.openqa.selenium.remote.http.W3CHttpResponseCodec.decode(W3CHttpResponseCodec.java:49)
	at org.openqa.selenium.remote.HttpCommandExecutor.execute(HttpCommandExecutor.java:158)
	at org.openqa.selenium.remote.service.DriverCommandExecutor.execute(DriverCommandExecutor.java:83)
	at org.openqa.selenium.remote.RemoteWebDriver.execute(RemoteWebDriver.java:548)
	at org.openqa.selenium.remote.RemoteWebElement.execute(RemoteWebElement.java:276)
	at org.openqa.selenium.remote.RemoteWebElement.click(RemoteWebElement.java:83)
	at org.openqa.selenium.support.events.EventFiringWebDriver$EventFiringWebElement.lambda$new$0(EventFiringWebDriver.java:403)
	at com.sun.proxy.$Proxy27.click(Unknown Source)
	at org.openqa.selenium.support.events.EventFiringWebDriver$EventFiringWebElement.click(EventFiringWebDriver.java:416)
	at org.openqa.selenium.support.pagefactory.internal.LocatingElementHandler.invoke(LocatingElementHandler.java:51)
	at com.sun.proxy.$Proxy17.click(Unknown Source)
	at com.campusOil.qa.pages.LoginPage.clickLoginnowButton(LoginPage.java:50)
	at com.campus.qa.testcases.LoginPageTest.VerifyclickLoginnowTest(LoginPageTest.java:66)
... Removed 38 stack frames
</div> <!-- stack-trace -->
                </div> <!-- method-content -->
              </div> <!-- method -->
              <div class="method">
                <div class="method-content">
                  <a name="VerifyloginPageTitleTest">
                  </a> <!-- VerifyloginPageTitleTest -->
                  <span class="method-name">VerifyloginPageTitleTest</span>
                  <div class="stack-trace">java.lang.AssertionError: expected [Order Heating Oil Online Buy Heating Oil Ireland] but found [Order Home Heating Oil Online Buy Heating Oil Ireland]
	at com.campus.qa.testcases.LoginPageTest.VerifyloginPageTitleTest(LoginPageTest.java:53)
... Removed 34 stack frames
</div> <!-- stack-trace -->
                </div> <!-- method-content -->
              </div> <!-- method -->
              <div class="method">
                <div class="method-content">
                  <a name="VerifyloginTest">
                  </a> <!-- VerifyloginTest -->
                  <span class="method-name">VerifyloginTest</span>
                  <div class="stack-trace">org.openqa.selenium.ElementNotInteractableException: element not interactable
  (Session info: chrome=76.0.3809.132)
Build info: version: &apos;3.14.0&apos;, revision: &apos;aacccce0&apos;, time: &apos;2018-08-02T20:19:58.91Z&apos;
System info: host: &apos;DESKTOP-AL9GHFP&apos;, ip: &apos;10.0.75.1&apos;, os.name: &apos;Windows 10&apos;, os.arch: &apos;amd64&apos;, os.version: &apos;10.0&apos;, java.version: &apos;1.8.0_221&apos;
Driver info: org.openqa.selenium.chrome.ChromeDriver
Capabilities {acceptInsecureCerts: false, browserName: chrome, browserVersion: 76.0.3809.132, chrome: {chromedriverVersion: 75.0.3770.90 (a6dcaf7e3ec6f..., userDataDir: C:\Users\dell\AppData\Local...}, goog:chromeOptions: {debuggerAddress: localhost:55610}, javascriptEnabled: true, networkConnectionEnabled: false, pageLoadStrategy: normal, platform: XP, platformName: XP, proxy: Proxy(), setWindowRect: true, strictFileInteractability: false, timeouts: {implicit: 0, pageLoad: 300000, script: 30000}, unhandledPromptBehavior: dismiss and notify}
Session ID: 6c6e7bc0f35d6433072fda1b40784811
	at org.openqa.selenium.remote.http.W3CHttpResponseCodec.createException(W3CHttpResponseCodec.java:187)
	at org.openqa.selenium.remote.http.W3CHttpResponseCodec.decode(W3CHttpResponseCodec.java:122)
	at org.openqa.selenium.remote.http.W3CHttpResponseCodec.decode(W3CHttpResponseCodec.java:49)
	at org.openqa.selenium.remote.HttpCommandExecutor.execute(HttpCommandExecutor.java:158)
	at org.openqa.selenium.remote.service.DriverCommandExecutor.execute(DriverCommandExecutor.java:83)
	at org.openqa.selenium.remote.RemoteWebDriver.execute(RemoteWebDriver.java:548)
	at org.openqa.selenium.remote.RemoteWebElement.execute(RemoteWebElement.java:276)
	at org.openqa.selenium.remote.RemoteWebElement.click(RemoteWebElement.java:83)
	at org.openqa.selenium.support.events.EventFiringWebDriver$EventFiringWebElement.lambda$new$0(EventFiringWebDriver.java:403)
	at com.sun.proxy.$Proxy27.click(Unknown Source)
	at org.openqa.selenium.support.events.EventFiringWebDriver$EventFiringWebElement.click(EventFiringWebDriver.java:416)
	at org.openqa.selenium.support.pagefactory.internal.LocatingElementHandler.invoke(LocatingElementHandler.java:51)
	at com.sun.proxy.$Proxy17.click(Unknown Source)
	at com.campusOil.qa.pages.LoginPage.clickLoginnowButton(LoginPage.java:50)
	at com.campus.qa.testcases.LoginPageTest.VerifyloginTest(LoginPageTest.java:73)
... Removed 38 stack frames
</div> <!-- stack-trace -->
                </div> <!-- method-content -->
              </div> <!-- method -->
            </div> <!-- main-panel-content rounded-window-bottom -->
          </div> <!-- suite-Campus_Oil_Test_Automation_Suite-class-failed -->
          <div class="suite-Campus_Oil_Test_Automation_Suite-class-failed">
            <div class="main-panel-header rounded-window-top">
              <img src="failed.png"/>
              <span class="class-name">com.campus.qa.testcases.HomePageTest</span>
            </div> <!-- main-panel-header rounded-window-top -->
            <div class="main-panel-content rounded-window-bottom">
              <div class="method">
                <div class="method-content">
                  <a name="verifyTitle">
                  </a> <!-- verifyTitle -->
                  <span class="method-name">verifyTitle</span>
                  <div class="stack-trace">java.lang.AssertionError: expected [Order Heating Oil Online Buy Heating Oil Ireland] but found [Order Home Heating Oil Online Buy Heating Oil Ireland]
	at com.campus.qa.testcases.HomePageTest.verifyTitle(HomePageTest.java:66)
... Removed 34 stack frames
</div> <!-- stack-trace -->
                </div> <!-- method-content -->
              </div> <!-- method -->
            </div> <!-- main-panel-content rounded-window-bottom -->
          </div> <!-- suite-Campus_Oil_Test_Automation_Suite-class-failed -->
          <div class="suite-Campus_Oil_Test_Automation_Suite-class-passed">
            <div class="main-panel-header rounded-window-top">
              <img src="passed.png"/>
              <span class="class-name">com.campus.qa.testcases.PlaceOrderAsRegisteredUserTest</span>
            </div> <!-- main-panel-header rounded-window-top -->
            <div class="main-panel-content rounded-window-bottom">
              <div class="method">
                <div class="method-content">
                  <a name="ToPlaceAnOrderAsRegisteredUser(mr, 91-12345678, 040-123456)">
                  </a> <!-- ToPlaceAnOrderAsRegisteredUser(mr, 91-12345678, 040-123456) -->
                  <span class="method-name">ToPlaceAnOrderAsRegisteredUser</span>
                  <span class="parameters">(mr, 91-12345678, 040-123456)</span>
                  <em>
(Verifying the registered user to place the order)                  </em>
                </div> <!-- method-content -->
              </div> <!-- method -->
              <div class="method">
                <div class="method-content">
                  <a name="ToPlaceOrderAsUnRegisteredUserTest(mr, 91-12345678, 040-123456)">
                  </a> <!-- ToPlaceOrderAsUnRegisteredUserTest(mr, 91-12345678, 040-123456) -->
                  <span class="method-name">ToPlaceOrderAsUnRegisteredUserTest</span>
                  <span class="parameters">(mr, 91-12345678, 040-123456)</span>
                  <em>
(Verifying the unregistered user to place the order)                  </em>
                </div> <!-- method-content -->
              </div> <!-- method -->
            </div> <!-- main-panel-content rounded-window-bottom -->
          </div> <!-- suite-Campus_Oil_Test_Automation_Suite-class-passed -->
          <div class="suite-Campus_Oil_Test_Automation_Suite-class-passed">
            <div class="main-panel-header rounded-window-top">
              <img src="passed.png"/>
              <span class="class-name">com.campus.qa.testcases.HomePageTest</span>
            </div> <!-- main-panel-header rounded-window-top -->
            <div class="main-panel-content rounded-window-bottom">
              <div class="method">
                <div class="method-content">
                  <a name="verifyAboutUSLinkTest">
                  </a> <!-- verifyAboutUSLinkTest -->
                  <span class="method-name">verifyAboutUSLinkTest</span>
                </div> <!-- method-content -->
              </div> <!-- method -->
              <div class="method">
                <div class="method-content">
                  <a name="verifyHomepageLinks">
                  </a> <!-- verifyHomepageLinks -->
                  <span class="method-name">verifyHomepageLinks</span>
                </div> <!-- method-content -->
              </div> <!-- method -->
              <div class="method">
                <div class="method-content">
                  <a name="verifyLogoTest">
                  </a> <!-- verifyLogoTest -->
                  <span class="method-name">verifyLogoTest</span>
                </div> <!-- method-content -->
              </div> <!-- method -->
              <div class="method">
                <div class="method-content">
                  <a name="verifyNewsLinkTest">
                  </a> <!-- verifyNewsLinkTest -->
                  <span class="method-name">verifyNewsLinkTest</span>
                </div> <!-- method-content -->
              </div> <!-- method -->
              <div class="method">
                <div class="method-content">
                  <a name="verifyOrderFormpageLinkTest">
                  </a> <!-- verifyOrderFormpageLinkTest -->
                  <span class="method-name">verifyOrderFormpageLinkTest</span>
                </div> <!-- method-content -->
              </div> <!-- method -->
              <div class="method">
                <div class="method-content">
                  <a name="verifyPageFooterLogoTest">
                  </a> <!-- verifyPageFooterLogoTest -->
                  <span class="method-name">verifyPageFooterLogoTest</span>
                </div> <!-- method-content -->
              </div> <!-- method -->
              <div class="method">
                <div class="method-content">
                  <a name="verifyPageHeaderBannerLinks">
                  </a> <!-- verifyPageHeaderBannerLinks -->
                  <span class="method-name">verifyPageHeaderBannerLinks</span>
                </div> <!-- method-content -->
              </div> <!-- method -->
            </div> <!-- main-panel-content rounded-window-bottom -->
          </div> <!-- suite-Campus_Oil_Test_Automation_Suite-class-passed -->
        </div> <!-- panel Campus_Oil_Test_Automation_Suite -->
        <div panel-name="test-xml-Campus_Oil_Test_Automation_Suite" class="panel">
          <div class="main-panel-header rounded-window-top">
            <span class="header-content">C:\Users\dell\Desktop\photonclipse\CampusOil.ie\testng.xml</span>
          </div> <!-- main-panel-header rounded-window-top -->
          <div class="main-panel-content rounded-window-bottom">
            <pre>
&lt;?xml version=&quot;1.0&quot; encoding=&quot;UTF-8&quot;?&gt;
&lt;!DOCTYPE suite SYSTEM &quot;http://testng.org/testng-1.0.dtd&quot;&gt;
&lt;suite guice-stage=&quot;DEVELOPMENT&quot; verbose=&quot;0&quot; name=&quot;Campus Oil Test Automation Suite&quot;&gt;
  &lt;listeners&gt;
    &lt;listener class-name=&quot;com.qa.CampusOil.ReportListeners.ExtentReporterNG&quot;/&gt;
    &lt;listener class-name=&quot;com.qa.CampusOil.ReportListeners.AllureReportListener&quot;/&gt;
  &lt;/listeners&gt;
  &lt;test thread-count=&quot;5&quot; name=&quot;Automated Test Run&quot;&gt;
    &lt;classes&gt;
      &lt;class name=&quot;com.campus.qa.testcases.LoginPageTest&quot;/&gt;
      &lt;class name=&quot;com.campus.qa.testcases.HomePageTest&quot;/&gt;
      &lt;class name=&quot;com.campus.qa.testcases.PlaceOrderAsRegisteredUserTest&quot;/&gt;
    &lt;/classes&gt;
  &lt;/test&gt; &lt;!-- Automated Test Run --&gt;
&lt;/suite&gt; &lt;!-- Campus Oil Test Automation Suite --&gt;
            </pre>
          </div> <!-- main-panel-content rounded-window-bottom -->
        </div> <!-- panel -->
        <div panel-name="testlist-Campus_Oil_Test_Automation_Suite" class="panel">
          <div class="main-panel-header rounded-window-top">
            <span class="header-content">Tests for Campus Oil Test Automation Suite</span>
          </div> <!-- main-panel-header rounded-window-top -->
          <div class="main-panel-content rounded-window-bottom">
            <ul>
              <li>
                <span class="test-name">Automated Test Run (3 classes)</span>
              </li>
            </ul>
          </div> <!-- main-panel-content rounded-window-bottom -->
        </div> <!-- panel -->
        <div panel-name="group-Campus_Oil_Test_Automation_Suite" class="panel">
          <div class="main-panel-header rounded-window-top">
            <span class="header-content">Groups for Campus Oil Test Automation Suite</span>
          </div> <!-- main-panel-header rounded-window-top -->
          <div class="main-panel-content rounded-window-bottom">
          </div> <!-- main-panel-content rounded-window-bottom -->
        </div> <!-- panel -->
        <div panel-name="times-Campus_Oil_Test_Automation_Suite" class="panel">
          <div class="main-panel-header rounded-window-top">
            <span class="header-content">Times for Campus Oil Test Automation Suite</span>
          </div> <!-- main-panel-header rounded-window-top -->
          <div class="main-panel-content rounded-window-bottom">
            <div class="times-div">
              <script type="text/javascript">
suiteTableInitFunctions.push('tableData_Campus_Oil_Test_Automation_Suite');
function tableData_Campus_Oil_Test_Automation_Suite() {
var data = new google.visualization.DataTable();
data.addColumn('number', 'Number');
data.addColumn('string', 'Method');
data.addColumn('string', 'Class');
data.addColumn('number', 'Time (ms)');
data.addRows(14);
data.setCell(0, 0, 0)
data.setCell(0, 1, 'ToPlaceOrderAsUnRegisteredUserTest')
data.setCell(0, 2, 'com.campus.qa.testcases.PlaceOrderAsRegisteredUserTest')
data.setCell(0, 3, 220611);
data.setCell(1, 0, 1)
data.setCell(1, 1, 'ToPlaceAnOrderAsRegisteredUser')
data.setCell(1, 2, 'com.campus.qa.testcases.PlaceOrderAsRegisteredUserTest')
data.setCell(1, 3, 212336);
data.setCell(2, 0, 2)
data.setCell(2, 1, 'VerifyloginTest')
data.setCell(2, 2, 'com.campus.qa.testcases.LoginPageTest')
data.setCell(2, 3, 22064);
data.setCell(3, 0, 3)
data.setCell(3, 1, 'VerifyclickLoginnowTest')
data.setCell(3, 2, 'com.campus.qa.testcases.LoginPageTest')
data.setCell(3, 3, 21865);
data.setCell(4, 0, 4)
data.setCell(4, 1, 'verifyNewsLinkTest')
data.setCell(4, 2, 'com.campus.qa.testcases.HomePageTest')
data.setCell(4, 3, 2319);
data.setCell(5, 0, 5)
data.setCell(5, 1, 'verifyAboutUSLinkTest')
data.setCell(5, 2, 'com.campus.qa.testcases.HomePageTest')
data.setCell(5, 3, 2179);
data.setCell(6, 0, 6)
data.setCell(6, 1, 'verifyOrderFormpageLinkTest')
data.setCell(6, 2, 'com.campus.qa.testcases.HomePageTest')
data.setCell(6, 3, 2155);
data.setCell(7, 0, 7)
data.setCell(7, 1, 'verifyLogoTest')
data.setCell(7, 2, 'com.campus.qa.testcases.HomePageTest')
data.setCell(7, 3, 768);
data.setCell(8, 0, 8)
data.setCell(8, 1, 'verifyHomepageLinks')
data.setCell(8, 2, 'com.campus.qa.testcases.HomePageTest')
data.setCell(8, 3, 715);
data.setCell(9, 0, 9)
data.setCell(9, 1, 'VerifyloginPageTitleTest')
data.setCell(9, 2, 'com.campus.qa.testcases.LoginPageTest')
data.setCell(9, 3, 250);
data.setCell(10, 0, 10)
data.setCell(10, 1, 'verifyPageHeaderBannerLinks')
data.setCell(10, 2, 'com.campus.qa.testcases.HomePageTest')
data.setCell(10, 3, 180);
data.setCell(11, 0, 11)
data.setCell(11, 1, 'VerifycampusLogoTest')
data.setCell(11, 2, 'com.campus.qa.testcases.LoginPageTest')
data.setCell(11, 3, 124);
data.setCell(12, 0, 12)
data.setCell(12, 1, 'verifyPageFooterLogoTest')
data.setCell(12, 2, 'com.campus.qa.testcases.HomePageTest')
data.setCell(12, 3, 92);
data.setCell(13, 0, 13)
data.setCell(13, 1, 'verifyTitle')
data.setCell(13, 2, 'com.campus.qa.testcases.HomePageTest')
data.setCell(13, 3, 43);
window.suiteTableData['Campus_Oil_Test_Automation_Suite']= { tableData: data, tableDiv: 'times-div-Campus_Oil_Test_Automation_Suite'}
return data;
}
              </script>
              <span class="suite-total-time">Total running time: 8 minutes</span>
              <div id="times-div-Campus_Oil_Test_Automation_Suite">
              </div> <!-- times-div-Campus_Oil_Test_Automation_Suite -->
            </div> <!-- times-div -->
          </div> <!-- main-panel-content rounded-window-bottom -->
        </div> <!-- panel -->
        <div panel-name="reporter-Campus_Oil_Test_Automation_Suite" class="panel">
          <div class="main-panel-header rounded-window-top">
            <span class="header-content">Reporter output for Campus Oil Test Automation Suite</span>
          </div> <!-- main-panel-header rounded-window-top -->
          <div class="main-panel-content rounded-window-bottom">
          </div> <!-- main-panel-content rounded-window-bottom -->
        </div> <!-- panel -->
        <div panel-name="ignored-methods-Campus_Oil_Test_Automation_Suite" class="panel">
          <div class="main-panel-header rounded-window-top">
            <span class="header-content">0 ignored methods</span>
          </div> <!-- main-panel-header rounded-window-top -->
          <div class="main-panel-content rounded-window-bottom">
          </div> <!-- main-panel-content rounded-window-bottom -->
        </div> <!-- panel -->
        <div panel-name="chronological-Campus_Oil_Test_Automation_Suite" class="panel">
          <div class="main-panel-header rounded-window-top">
            <span class="header-content">Methods in chronological order</span>
          </div> <!-- main-panel-header rounded-window-top -->
          <div class="main-panel-content rounded-window-bottom">
            <div class="chronological-class">
              <div class="chronological-class-name">com.campus.qa.testcases.LoginPageTest</div> <!-- chronological-class-name -->
              <div class="configuration-suite before">
                <span class="method-name">startsuite</span>
                <span class="method-start">0 ms</span>
              </div> <!-- configuration-suite before -->
              <div class="configuration-method before">
                <span class="method-name">setUp</span>
                <span class="method-start">767 ms</span>
              </div> <!-- configuration-method before -->
              <div class="test-method">
                <img src="failed.png">
                </img>
                <span class="method-name">VerifyloginPageTitleTest</span>
                <span class="method-start">42422 ms</span>
              </div> <!-- test-method -->
              <div class="configuration-method after">
                <span class="method-name">tearDown</span>
                <span class="method-start">46490 ms</span>
              </div> <!-- configuration-method after -->
            </div> <!-- chronological-class -->
            <div class="chronological-class">
              <div class="chronological-class-name">com.campus.qa.testcases.HomePageTest</div> <!-- chronological-class-name -->
              <div class="configuration-method before">
                <span class="method-name">setUp</span>
                <span class="method-start">48024 ms</span>
              </div> <!-- configuration-method before -->
              <div class="test-method">
                <span class="method-name">verifyLogoTest</span>
                <span class="method-start">66233 ms</span>
              </div> <!-- test-method -->
              <div class="configuration-method after">
                <span class="method-name">tearDown</span>
                <span class="method-start">67006 ms</span>
              </div> <!-- configuration-method after -->
            </div> <!-- chronological-class -->
            <div class="chronological-class">
              <div class="chronological-class-name">com.campus.qa.testcases.PlaceOrderAsRegisteredUserTest</div> <!-- chronological-class-name -->
              <div class="configuration-method before">
                <span class="method-name">setUp</span>
                <span class="method-start">75490 ms</span>
              </div> <!-- configuration-method before -->
              <div class="test-method">
                <span class="method-name">ToPlaceOrderAsUnRegisteredUserTest(mr, 91-12345678, 040-123456)</span>
                <span class="method-start">86988 ms</span>
              </div> <!-- test-method -->
              <div class="configuration-method after">
                <span class="method-name">tearDown</span>
                <span class="method-start">308599 ms</span>
              </div> <!-- configuration-method after -->
            </div> <!-- chronological-class -->
            <div class="chronological-class">
              <div class="chronological-class-name">com.campus.qa.testcases.LoginPageTest</div> <!-- chronological-class-name -->
              <div class="configuration-method before">
                <span class="method-name">setUp</span>
                <span class="method-start">309545 ms</span>
              </div> <!-- configuration-method before -->
              <div class="test-method">
                <img src="failed.png">
                </img>
                <span class="method-name">VerifycampusLogoTest</span>
                <span class="method-start">322035 ms</span>
              </div> <!-- test-method -->
              <div class="configuration-method after">
                <span class="method-name">tearDown</span>
                <span class="method-start">325554 ms</span>
              </div> <!-- configuration-method after -->
            </div> <!-- chronological-class -->
            <div class="chronological-class">
              <div class="chronological-class-name">com.campus.qa.testcases.HomePageTest</div> <!-- chronological-class-name -->
              <div class="configuration-method before">
                <span class="method-name">setUp</span>
                <span class="method-start">326425 ms</span>
              </div> <!-- configuration-method before -->
              <div class="test-method">
                <span class="method-name">verifyHomepageLinks</span>
                <span class="method-start">338147 ms</span>
              </div> <!-- test-method -->
              <div class="configuration-method after">
                <span class="method-name">tearDown</span>
                <span class="method-start">338866 ms</span>
              </div> <!-- configuration-method after -->
            </div> <!-- chronological-class -->
            <div class="chronological-class">
              <div class="chronological-class-name">com.campus.qa.testcases.PlaceOrderAsRegisteredUserTest</div> <!-- chronological-class-name -->
              <div class="configuration-method before">
                <span class="method-name">setUp</span>
                <span class="method-start">340063 ms</span>
              </div> <!-- configuration-method before -->
              <div class="test-method">
                <span class="method-name">ToPlaceAnOrderAsRegisteredUser(mr, 91-12345678, 040-123456)</span>
                <span class="method-start">353155 ms</span>
              </div> <!-- test-method -->
              <div class="configuration-method after">
                <span class="method-name">tearDown</span>
                <span class="method-start">565496 ms</span>
              </div> <!-- configuration-method after -->
            </div> <!-- chronological-class -->
            <div class="chronological-class">
              <div class="chronological-class-name">com.campus.qa.testcases.LoginPageTest</div> <!-- chronological-class-name -->
              <div class="configuration-method before">
                <span class="method-name">setUp</span>
                <span class="method-start">566522 ms</span>
              </div> <!-- configuration-method before -->
              <div class="test-method">
                <img src="failed.png">
                </img>
                <span class="method-name">VerifyclickLoginnowTest</span>
                <span class="method-start">578052 ms</span>
              </div> <!-- test-method -->
              <div class="configuration-method after">
                <span class="method-name">tearDown</span>
                <span class="method-start">603165 ms</span>
              </div> <!-- configuration-method after -->
            </div> <!-- chronological-class -->
            <div class="chronological-class">
              <div class="chronological-class-name">com.campus.qa.testcases.HomePageTest</div> <!-- chronological-class-name -->
              <div class="configuration-method before">
                <span class="method-name">setUp</span>
                <span class="method-start">604044 ms</span>
              </div> <!-- configuration-method before -->
              <div class="test-method">
                <span class="method-name">verifyPageHeaderBannerLinks</span>
                <span class="method-start">619794 ms</span>
              </div> <!-- test-method -->
              <div class="configuration-method after">
                <span class="method-name">tearDown</span>
                <span class="method-start">619977 ms</span>
              </div> <!-- configuration-method after -->
            </div> <!-- chronological-class -->
            <div class="chronological-class">
              <div class="chronological-class-name">com.campus.qa.testcases.LoginPageTest</div> <!-- chronological-class-name -->
              <div class="configuration-method before">
                <span class="method-name">setUp</span>
                <span class="method-start">620831 ms</span>
              </div> <!-- configuration-method before -->
              <div class="test-method">
                <img src="failed.png">
                </img>
                <span class="method-name">VerifyloginTest</span>
                <span class="method-start">631071 ms</span>
              </div> <!-- test-method -->
              <div class="configuration-method after">
                <span class="method-name">tearDown</span>
                <span class="method-start">656661 ms</span>
              </div> <!-- configuration-method after -->
            </div> <!-- chronological-class -->
            <div class="chronological-class">
              <div class="chronological-class-name">com.campus.qa.testcases.HomePageTest</div> <!-- chronological-class-name -->
              <div class="configuration-method before">
                <span class="method-name">setUp</span>
                <span class="method-start">657758 ms</span>
              </div> <!-- configuration-method before -->
              <div class="test-method">
                <span class="method-name">verifyPageFooterLogoTest</span>
                <span class="method-start">668853 ms</span>
              </div> <!-- test-method -->
              <div class="configuration-method after">
                <span class="method-name">tearDown</span>
                <span class="method-start">668947 ms</span>
              </div> <!-- configuration-method after -->
              <div class="configuration-method before">
                <span class="method-name">setUp</span>
                <span class="method-start">669866 ms</span>
              </div> <!-- configuration-method before -->
              <div class="test-method">
                <img src="failed.png">
                </img>
                <span class="method-name">verifyTitle</span>
                <span class="method-start">681317 ms</span>
              </div> <!-- test-method -->
              <div class="configuration-method after">
                <span class="method-name">tearDown</span>
                <span class="method-start">684957 ms</span>
              </div> <!-- configuration-method after -->
              <div class="configuration-method before">
                <span class="method-name">setUp</span>
                <span class="method-start">685814 ms</span>
              </div> <!-- configuration-method before -->
              <div class="test-method">
                <span class="method-name">verifyAboutUSLinkTest</span>
                <span class="method-start">694644 ms</span>
              </div> <!-- test-method -->
              <div class="configuration-method after">
                <span class="method-name">tearDown</span>
                <span class="method-start">696826 ms</span>
              </div> <!-- configuration-method after -->
              <div class="configuration-method before">
                <span class="method-name">setUp</span>
                <span class="method-start">697654 ms</span>
              </div> <!-- configuration-method before -->
              <div class="test-method">
                <span class="method-name">verifyNewsLinkTest</span>
                <span class="method-start">706955 ms</span>
              </div> <!-- test-method -->
              <div class="configuration-method after">
                <span class="method-name">tearDown</span>
                <span class="method-start">709277 ms</span>
              </div> <!-- configuration-method after -->
              <div class="configuration-method before">
                <span class="method-name">setUp</span>
                <span class="method-start">710207 ms</span>
              </div> <!-- configuration-method before -->
              <div class="test-method">
                <span class="method-name">verifyOrderFormpageLinkTest</span>
                <span class="method-start">720903 ms</span>
              </div> <!-- test-method -->
              <div class="configuration-method after">
                <span class="method-name">tearDown</span>
                <span class="method-start">723061 ms</span>
              </div> <!-- configuration-method after -->
              <div class="configuration-suite after">
                <span class="method-name">endSuite</span>
                <span class="method-start">724005 ms</span>
              </div> <!-- configuration-suite after -->
          </div> <!-- main-panel-content rounded-window-bottom -->
        </div> <!-- panel -->
      </div> <!-- main-panel-root -->
    </div> <!-- wrapper -->
  </body>
</html>
