<?xml version="1.0" encoding="UTF-8"?>
<testng-results skipped="0" failed="5" ignored="0" total="14" passed="9">
  <reporter-output>
  </reporter-output>
  <suite name="Campus Oil Test Automation Suite" duration-ms="723519" started-at="2019-09-11T06:14:13Z" finished-at="2019-09-11T06:26:16Z">
    <groups>
    </groups>
    <test name="Automated Test Run" duration-ms="723519" started-at="2019-09-11T06:14:13Z" finished-at="2019-09-11T06:26:16Z">
      <class name="com.campus.qa.testcases.PlaceOrderAsRegisteredUserTest">
        <test-method status="PASS" signature="setUp()[pri:0, instance:com.campus.qa.testcases.PlaceOrderAsRegisteredUserTest@754777cd]" name="setUp" is-config="true" duration-ms="11495" started-at="2019-09-11T11:45:28Z" finished-at="2019-09-11T11:45:39Z">
          <reporter-output>
          </reporter-output>
        </test-method> <!-- setUp -->
        <test-method status="PASS" signature="ToPlaceOrderAsUnRegisteredUserTest(java.lang.String, java.lang.String, java.lang.String)[pri:1, instance:com.campus.qa.testcases.PlaceOrderAsRegisteredUserTest@754777cd]" name="ToPlaceOrderAsUnRegisteredUserTest" duration-ms="220611" started-at="2019-09-11T11:45:39Z" description="Verifying the unregistered user to place the order" data-provider="getYourDetailsData" finished-at="2019-09-11T11:49:20Z">
          <params>
            <param index="0">
              <value>
                <![CDATA[mr]]>
              </value>
            </param>
            <param index="1">
              <value>
                <![CDATA[91-12345678]]>
              </value>
            </param>
            <param index="2">
              <value>
                <![CDATA[040-123456]]>
              </value>
            </param>
          </params>
          <reporter-output>
          </reporter-output>
        </test-method> <!-- ToPlaceOrderAsUnRegisteredUserTest -->
        <test-method status="PASS" signature="tearDown()[pri:0, instance:com.campus.qa.testcases.PlaceOrderAsRegisteredUserTest@754777cd]" name="tearDown" is-config="true" duration-ms="937" started-at="2019-09-11T11:49:21Z" finished-at="2019-09-11T11:49:22Z">
          <reporter-output>
          </reporter-output>
        </test-method> <!-- tearDown -->
        <test-method status="PASS" signature="setUp()[pri:0, instance:com.campus.qa.testcases.PlaceOrderAsRegisteredUserTest@754777cd]" name="setUp" is-config="true" duration-ms="13089" started-at="2019-09-11T11:49:52Z" finished-at="2019-09-11T11:50:05Z">
          <reporter-output>
          </reporter-output>
        </test-method> <!-- setUp -->
        <test-method status="PASS" signature="ToPlaceAnOrderAsRegisteredUser(java.lang.String, java.lang.String, java.lang.String)[pri:2, instance:com.campus.qa.testcases.PlaceOrderAsRegisteredUserTest@754777cd]" name="ToPlaceAnOrderAsRegisteredUser" duration-ms="212336" started-at="2019-09-11T11:50:05Z" description="Verifying the registered user to place the order" data-provider="getYourDetailsData" finished-at="2019-09-11T11:53:38Z">
          <params>
            <param index="0">
              <value>
                <![CDATA[mr]]>
              </value>
            </param>
            <param index="1">
              <value>
                <![CDATA[91-12345678]]>
              </value>
            </param>
            <param index="2">
              <value>
                <![CDATA[040-123456]]>
              </value>
            </param>
          </params>
          <reporter-output>
          </reporter-output>
        </test-method> <!-- ToPlaceAnOrderAsRegisteredUser -->
        <test-method status="PASS" signature="tearDown()[pri:0, instance:com.campus.qa.testcases.PlaceOrderAsRegisteredUserTest@754777cd]" name="tearDown" is-config="true" duration-ms="1023" started-at="2019-09-11T11:53:38Z" finished-at="2019-09-11T11:53:39Z">
          <reporter-output>
          </reporter-output>
        </test-method> <!-- tearDown -->
      </class> <!-- com.campus.qa.testcases.PlaceOrderAsRegisteredUserTest -->
      <class name="com.campus.qa.testcases.HomePageTest">
        <test-method status="PASS" signature="setUp()[pri:0, instance:com.campus.qa.testcases.HomePageTest@a7e2d9d]" name="setUp" is-config="true" duration-ms="18199" started-at="2019-09-11T11:45:00Z" finished-at="2019-09-11T11:45:18Z">
          <reporter-output>
          </reporter-output>
        </test-method> <!-- setUp -->
        <test-method status="PASS" signature="verifyLogoTest()[pri:1, instance:com.campus.qa.testcases.HomePageTest@a7e2d9d]" name="verifyLogoTest" duration-ms="768" started-at="2019-09-11T11:45:18Z" finished-at="2019-09-11T11:45:19Z">
          <reporter-output>
          </reporter-output>
        </test-method> <!-- verifyLogoTest -->
        <test-method status="PASS" signature="tearDown()[pri:0, instance:com.campus.qa.testcases.HomePageTest@a7e2d9d]" name="tearDown" is-config="true" duration-ms="1039" started-at="2019-09-11T11:45:19Z" finished-at="2019-09-11T11:45:20Z">
          <reporter-output>
          </reporter-output>
        </test-method> <!-- tearDown -->
        <test-method status="PASS" signature="setUp()[pri:0, instance:com.campus.qa.testcases.HomePageTest@a7e2d9d]" name="setUp" is-config="true" duration-ms="11720" started-at="2019-09-11T11:49:39Z" finished-at="2019-09-11T11:49:50Z">
          <reporter-output>
          </reporter-output>
        </test-method> <!-- setUp -->
        <test-method status="PASS" signature="verifyHomepageLinks()[pri:2, instance:com.campus.qa.testcases.HomePageTest@a7e2d9d]" name="verifyHomepageLinks" duration-ms="715" started-at="2019-09-11T11:49:50Z" finished-at="2019-09-11T11:49:51Z">
          <reporter-output>
          </reporter-output>
        </test-method> <!-- verifyHomepageLinks -->
        <test-method status="PASS" signature="tearDown()[pri:0, instance:com.campus.qa.testcases.HomePageTest@a7e2d9d]" name="tearDown" is-config="true" duration-ms="1105" started-at="2019-09-11T11:49:51Z" finished-at="2019-09-11T11:49:52Z">
          <reporter-output>
          </reporter-output>
        </test-method> <!-- tearDown -->
        <test-method status="PASS" signature="setUp()[pri:0, instance:com.campus.qa.testcases.HomePageTest@a7e2d9d]" name="setUp" is-config="true" duration-ms="15748" started-at="2019-09-11T11:54:16Z" finished-at="2019-09-11T11:54:32Z">
          <reporter-output>
          </reporter-output>
        </test-method> <!-- setUp -->
        <test-method status="PASS" signature="verifyPageHeaderBannerLinks()[pri:3, instance:com.campus.qa.testcases.HomePageTest@a7e2d9d]" name="verifyPageHeaderBannerLinks" duration-ms="180" started-at="2019-09-11T11:54:32Z" finished-at="2019-09-11T11:54:32Z">
          <reporter-output>
          </reporter-output>
        </test-method> <!-- verifyPageHeaderBannerLinks -->
        <test-method status="PASS" signature="tearDown()[pri:0, instance:com.campus.qa.testcases.HomePageTest@a7e2d9d]" name="tearDown" is-config="true" duration-ms="848" started-at="2019-09-11T11:54:32Z" finished-at="2019-09-11T11:54:33Z">
          <reporter-output>
          </reporter-output>
        </test-method> <!-- tearDown -->
        <test-method status="PASS" signature="setUp()[pri:0, instance:com.campus.qa.testcases.HomePageTest@a7e2d9d]" name="setUp" is-config="true" duration-ms="11093" started-at="2019-09-11T11:55:10Z" finished-at="2019-09-11T11:55:21Z">
          <reporter-output>
          </reporter-output>
        </test-method> <!-- setUp -->
        <test-method status="PASS" signature="verifyPageFooterLogoTest()[pri:4, instance:com.campus.qa.testcases.HomePageTest@a7e2d9d]" name="verifyPageFooterLogoTest" duration-ms="92" started-at="2019-09-11T11:55:21Z" finished-at="2019-09-11T11:55:21Z">
          <reporter-output>
          </reporter-output>
        </test-method> <!-- verifyPageFooterLogoTest -->
        <test-method status="PASS" signature="tearDown()[pri:0, instance:com.campus.qa.testcases.HomePageTest@a7e2d9d]" name="tearDown" is-config="true" duration-ms="914" started-at="2019-09-11T11:55:21Z" finished-at="2019-09-11T11:55:22Z">
          <reporter-output>
          </reporter-output>
        </test-method> <!-- tearDown -->
        <test-method status="PASS" signature="setUp()[pri:0, instance:com.campus.qa.testcases.HomePageTest@a7e2d9d]" name="setUp" is-config="true" duration-ms="11448" started-at="2019-09-11T11:55:22Z" finished-at="2019-09-11T11:55:33Z">
          <reporter-output>
          </reporter-output>
        </test-method> <!-- setUp -->
        <test-method status="FAIL" signature="verifyTitle()[pri:5, instance:com.campus.qa.testcases.HomePageTest@a7e2d9d]" name="verifyTitle" duration-ms="43" started-at="2019-09-11T11:55:33Z" finished-at="2019-09-11T11:55:34Z">
          <exception class="java.lang.AssertionError">
            <message>
              <![CDATA[expected [Order Heating Oil Online Buy Heating Oil Ireland] but found [Order Home Heating Oil Online Buy Heating Oil Ireland]]]>
            </message>
            <full-stacktrace>
              <![CDATA[java.lang.AssertionError: expected [Order Heating Oil Online Buy Heating Oil Ireland] but found [Order Home Heating Oil Online Buy Heating Oil Ireland]
	at org.testng.Assert.fail(Assert.java:93)
	at org.testng.Assert.failNotEquals(Assert.java:512)
	at org.testng.Assert.assertEqualsImpl(Assert.java:134)
	at org.testng.Assert.assertEquals(Assert.java:115)
	at org.testng.Assert.assertEquals(Assert.java:189)
	at org.testng.Assert.assertEquals(Assert.java:199)
	at com.campus.qa.testcases.HomePageTest.verifyTitle(HomePageTest.java:66)
	at sun.reflect.NativeMethodAccessorImpl.invoke0(Native Method)
	at sun.reflect.NativeMethodAccessorImpl.invoke(NativeMethodAccessorImpl.java:62)
	at sun.reflect.DelegatingMethodAccessorImpl.invoke(DelegatingMethodAccessorImpl.java:43)
	at java.lang.reflect.Method.invoke(Method.java:498)
	at org.testng.internal.MethodInvocationHelper.invokeMethod(MethodInvocationHelper.java:108)
	at org.testng.internal.Invoker.invokeMethod(Invoker.java:661)
	at org.testng.internal.Invoker.invokeTestMethod(Invoker.java:869)
	at org.testng.internal.Invoker.invokeTestMethods(Invoker.java:1193)
	at org.testng.internal.TestMethodWorker.invokeTestMethods(TestMethodWorker.java:126)
	at org.testng.internal.TestMethodWorker.run(TestMethodWorker.java:109)
	at org.testng.TestRunner.privateRun(TestRunner.java:744)
	at org.testng.TestRunner.run(TestRunner.java:602)
	at org.testng.SuiteRunner.runTest(SuiteRunner.java:380)
	at org.testng.SuiteRunner.runSequentially(SuiteRunner.java:375)
	at org.testng.SuiteRunner.privateRun(SuiteRunner.java:340)
	at org.testng.SuiteRunner.run(SuiteRunner.java:289)
	at org.testng.SuiteRunnerWorker.runSuite(SuiteRunnerWorker.java:52)
	at org.testng.SuiteRunnerWorker.run(SuiteRunnerWorker.java:86)
	at org.testng.TestNG.runSuitesSequentially(TestNG.java:1301)
	at org.testng.TestNG.runSuitesLocally(TestNG.java:1226)
	at org.testng.TestNG.runSuites(TestNG.java:1144)
	at org.testng.TestNG.run(TestNG.java:1115)
	at org.apache.maven.surefire.testng.TestNGExecutor.run(TestNGExecutor.java:283)
	at org.apache.maven.surefire.testng.TestNGXmlTestSuite.execute(TestNGXmlTestSuite.java:75)
	at org.apache.maven.surefire.testng.TestNGProvider.invoke(TestNGProvider.java:120)
	at org.apache.maven.surefire.booter.ForkedBooter.invokeProviderInSameClassLoader(ForkedBooter.java:386)
	at org.apache.maven.surefire.booter.ForkedBooter.runSuitesInProcess(ForkedBooter.java:323)
	at org.apache.maven.surefire.booter.ForkedBooter.main(ForkedBooter.java:143)
]]>
            </full-stacktrace>
          </exception> <!-- java.lang.AssertionError -->
          <reporter-output>
          </reporter-output>
        </test-method> <!-- verifyTitle -->
        <test-method status="PASS" signature="tearDown()[pri:0, instance:com.campus.qa.testcases.HomePageTest@a7e2d9d]" name="tearDown" is-config="true" duration-ms="855" started-at="2019-09-11T11:55:37Z" finished-at="2019-09-11T11:55:38Z">
          <reporter-output>
          </reporter-output>
        </test-method> <!-- tearDown -->
        <test-method status="PASS" signature="setUp()[pri:0, instance:com.campus.qa.testcases.HomePageTest@a7e2d9d]" name="setUp" is-config="true" duration-ms="8827" started-at="2019-09-11T11:55:38Z" finished-at="2019-09-11T11:55:47Z">
          <reporter-output>
          </reporter-output>
        </test-method> <!-- setUp -->
        <test-method status="PASS" signature="verifyAboutUSLinkTest()[pri:6, instance:com.campus.qa.testcases.HomePageTest@a7e2d9d]" name="verifyAboutUSLinkTest" duration-ms="2179" started-at="2019-09-11T11:55:47Z" finished-at="2019-09-11T11:55:49Z">
          <reporter-output>
          </reporter-output>
        </test-method> <!-- verifyAboutUSLinkTest -->
        <test-method status="PASS" signature="tearDown()[pri:0, instance:com.campus.qa.testcases.HomePageTest@a7e2d9d]" name="tearDown" is-config="true" duration-ms="826" started-at="2019-09-11T11:55:49Z" finished-at="2019-09-11T11:55:50Z">
          <reporter-output>
          </reporter-output>
        </test-method> <!-- tearDown -->
        <test-method status="PASS" signature="setUp()[pri:0, instance:com.campus.qa.testcases.HomePageTest@a7e2d9d]" name="setUp" is-config="true" duration-ms="9298" started-at="2019-09-11T11:55:50Z" finished-at="2019-09-11T11:55:59Z">
          <reporter-output>
          </reporter-output>
        </test-method> <!-- setUp -->
        <test-method status="PASS" signature="verifyNewsLinkTest()[pri:7, instance:com.campus.qa.testcases.HomePageTest@a7e2d9d]" name="verifyNewsLinkTest" duration-ms="2319" started-at="2019-09-11T11:55:59Z" finished-at="2019-09-11T11:56:01Z">
          <reporter-output>
          </reporter-output>
        </test-method> <!-- verifyNewsLinkTest -->
        <test-method status="PASS" signature="tearDown()[pri:0, instance:com.campus.qa.testcases.HomePageTest@a7e2d9d]" name="tearDown" is-config="true" duration-ms="928" started-at="2019-09-11T11:56:01Z" finished-at="2019-09-11T11:56:02Z">
          <reporter-output>
          </reporter-output>
        </test-method> <!-- tearDown -->
        <test-method status="PASS" signature="setUp()[pri:0, instance:com.campus.qa.testcases.HomePageTest@a7e2d9d]" name="setUp" is-config="true" duration-ms="10693" started-at="2019-09-11T11:56:02Z" finished-at="2019-09-11T11:56:13Z">
          <reporter-output>
          </reporter-output>
        </test-method> <!-- setUp -->
        <test-method status="PASS" signature="verifyOrderFormpageLinkTest()[pri:8, instance:com.campus.qa.testcases.HomePageTest@a7e2d9d]" name="verifyOrderFormpageLinkTest" duration-ms="2155" started-at="2019-09-11T11:56:13Z" finished-at="2019-09-11T11:56:15Z">
          <reporter-output>
          </reporter-output>
        </test-method> <!-- verifyOrderFormpageLinkTest -->
        <test-method status="PASS" signature="tearDown()[pri:0, instance:com.campus.qa.testcases.HomePageTest@a7e2d9d]" name="tearDown" is-config="true" duration-ms="865" started-at="2019-09-11T11:56:15Z" finished-at="2019-09-11T11:56:16Z">
          <reporter-output>
          </reporter-output>
        </test-method> <!-- tearDown -->
        <test-method status="PASS" signature="endSuite()[pri:0, instance:com.campus.qa.testcases.HomePageTest@a7e2d9d]" name="endSuite" is-config="true" duration-ms="0" started-at="2019-09-11T11:56:16Z" finished-at="2019-09-11T11:56:16Z">
          <reporter-output>
          </reporter-output>
        </test-method> <!-- endSuite -->
      </class> <!-- com.campus.qa.testcases.HomePageTest -->
      <class name="com.campus.qa.testcases.LoginPageTest">
        <test-method status="PASS" signature="startsuite()[pri:0, instance:com.campus.qa.testcases.LoginPageTest@791cbf87]" name="startsuite" is-config="true" duration-ms="394" started-at="2019-09-11T11:44:12Z" finished-at="2019-09-11T11:44:13Z">
          <reporter-output>
          </reporter-output>
        </test-method> <!-- startsuite -->
        <test-method status="PASS" signature="setUp()[pri:0, instance:com.campus.qa.testcases.LoginPageTest@791cbf87]" name="setUp" is-config="true" duration-ms="41162" started-at="2019-09-11T11:44:13Z" finished-at="2019-09-11T11:44:54Z">
          <reporter-output>
          </reporter-output>
        </test-method> <!-- setUp -->
        <test-method status="FAIL" signature="VerifyloginPageTitleTest()[pri:1, instance:com.campus.qa.testcases.LoginPageTest@791cbf87]" name="VerifyloginPageTitleTest" duration-ms="250" started-at="2019-09-11T11:44:55Z" finished-at="2019-09-11T11:44:55Z">
          <exception class="java.lang.AssertionError">
            <message>
              <![CDATA[expected [Order Heating Oil Online Buy Heating Oil Ireland] but found [Order Home Heating Oil Online Buy Heating Oil Ireland]]]>
            </message>
            <full-stacktrace>
              <![CDATA[java.lang.AssertionError: expected [Order Heating Oil Online Buy Heating Oil Ireland] but found [Order Home Heating Oil Online Buy Heating Oil Ireland]
	at org.testng.Assert.fail(Assert.java:93)
	at org.testng.Assert.failNotEquals(Assert.java:512)
	at org.testng.Assert.assertEqualsImpl(Assert.java:134)
	at org.testng.Assert.assertEquals(Assert.java:115)
	at org.testng.Assert.assertEquals(Assert.java:189)
	at org.testng.Assert.assertEquals(Assert.java:199)
	at com.campus.qa.testcases.LoginPageTest.VerifyloginPageTitleTest(LoginPageTest.java:53)
	at sun.reflect.NativeMethodAccessorImpl.invoke0(Native Method)
	at sun.reflect.NativeMethodAccessorImpl.invoke(NativeMethodAccessorImpl.java:62)
	at sun.reflect.DelegatingMethodAccessorImpl.invoke(DelegatingMethodAccessorImpl.java:43)
	at java.lang.reflect.Method.invoke(Method.java:498)
	at org.testng.internal.MethodInvocationHelper.invokeMethod(MethodInvocationHelper.java:108)
	at org.testng.internal.Invoker.invokeMethod(Invoker.java:661)
	at org.testng.internal.Invoker.invokeTestMethod(Invoker.java:869)
	at org.testng.internal.Invoker.invokeTestMethods(Invoker.java:1193)
	at org.testng.internal.TestMethodWorker.invokeTestMethods(TestMethodWorker.java:126)
	at org.testng.internal.TestMethodWorker.run(TestMethodWorker.java:109)
	at org.testng.TestRunner.privateRun(TestRunner.java:744)
	at org.testng.TestRunner.run(TestRunner.java:602)
	at org.testng.SuiteRunner.runTest(SuiteRunner.java:380)
	at org.testng.SuiteRunner.runSequentially(SuiteRunner.java:375)
	at org.testng.SuiteRunner.privateRun(SuiteRunner.java:340)
	at org.testng.SuiteRunner.run(SuiteRunner.java:289)
	at org.testng.SuiteRunnerWorker.runSuite(SuiteRunnerWorker.java:52)
	at org.testng.SuiteRunnerWorker.run(SuiteRunnerWorker.java:86)
	at org.testng.TestNG.runSuitesSequentially(TestNG.java:1301)
	at org.testng.TestNG.runSuitesLocally(TestNG.java:1226)
	at org.testng.TestNG.runSuites(TestNG.java:1144)
	at org.testng.TestNG.run(TestNG.java:1115)
	at org.apache.maven.surefire.testng.TestNGExecutor.run(TestNGExecutor.java:283)
	at org.apache.maven.surefire.testng.TestNGXmlTestSuite.execute(TestNGXmlTestSuite.java:75)
	at org.apache.maven.surefire.testng.TestNGProvider.invoke(TestNGProvider.java:120)
	at org.apache.maven.surefire.booter.ForkedBooter.invokeProviderInSameClassLoader(ForkedBooter.java:386)
	at org.apache.maven.surefire.booter.ForkedBooter.runSuitesInProcess(ForkedBooter.java:323)
	at org.apache.maven.surefire.booter.ForkedBooter.main(ForkedBooter.java:143)
]]>
            </full-stacktrace>
          </exception> <!-- java.lang.AssertionError -->
          <reporter-output>
          </reporter-output>
        </test-method> <!-- VerifyloginPageTitleTest -->
        <test-method status="PASS" signature="tearDown()[pri:0, instance:com.campus.qa.testcases.LoginPageTest@791cbf87]" name="tearDown" is-config="true" duration-ms="1530" started-at="2019-09-11T11:44:59Z" finished-at="2019-09-11T11:45:00Z">
          <reporter-output>
          </reporter-output>
        </test-method> <!-- tearDown -->
        <test-method status="PASS" signature="setUp()[pri:0, instance:com.campus.qa.testcases.LoginPageTest@791cbf87]" name="setUp" is-config="true" duration-ms="12488" started-at="2019-09-11T11:49:22Z" finished-at="2019-09-11T11:49:34Z">
          <reporter-output>
          </reporter-output>
        </test-method> <!-- setUp -->
        <test-method status="FAIL" signature="VerifycampusLogoTest()[pri:2, instance:com.campus.qa.testcases.LoginPageTest@791cbf87]" name="VerifycampusLogoTest" duration-ms="124" started-at="2019-09-11T11:49:34Z" finished-at="2019-09-11T11:49:34Z">
          <exception class="java.lang.AssertionError">
            <message>
              <![CDATA[expected [true] but found [false]]]>
            </message>
            <full-stacktrace>
              <![CDATA[java.lang.AssertionError: expected [true] but found [false]
	at org.testng.Assert.fail(Assert.java:93)
	at org.testng.Assert.failNotEquals(Assert.java:512)
	at org.testng.Assert.assertTrue(Assert.java:41)
	at org.testng.Assert.assertTrue(Assert.java:51)
	at com.campus.qa.testcases.LoginPageTest.VerifycampusLogoTest(LoginPageTest.java:60)
	at sun.reflect.NativeMethodAccessorImpl.invoke0(Native Method)
	at sun.reflect.NativeMethodAccessorImpl.invoke(NativeMethodAccessorImpl.java:62)
	at sun.reflect.DelegatingMethodAccessorImpl.invoke(DelegatingMethodAccessorImpl.java:43)
	at java.lang.reflect.Method.invoke(Method.java:498)
	at org.testng.internal.MethodInvocationHelper.invokeMethod(MethodInvocationHelper.java:108)
	at org.testng.internal.Invoker.invokeMethod(Invoker.java:661)
	at org.testng.internal.Invoker.invokeTestMethod(Invoker.java:869)
	at org.testng.internal.Invoker.invokeTestMethods(Invoker.java:1193)
	at org.testng.internal.TestMethodWorker.invokeTestMethods(TestMethodWorker.java:126)
	at org.testng.internal.TestMethodWorker.run(TestMethodWorker.java:109)
	at org.testng.TestRunner.privateRun(TestRunner.java:744)
	at org.testng.TestRunner.run(TestRunner.java:602)
	at org.testng.SuiteRunner.runTest(SuiteRunner.java:380)
	at org.testng.SuiteRunner.runSequentially(SuiteRunner.java:375)
	at org.testng.SuiteRunner.privateRun(SuiteRunner.java:340)
	at org.testng.SuiteRunner.run(SuiteRunner.java:289)
	at org.testng.SuiteRunnerWorker.runSuite(SuiteRunnerWorker.java:52)
	at org.testng.SuiteRunnerWorker.run(SuiteRunnerWorker.java:86)
	at org.testng.TestNG.runSuitesSequentially(TestNG.java:1301)
	at org.testng.TestNG.runSuitesLocally(TestNG.java:1226)
	at org.testng.TestNG.runSuites(TestNG.java:1144)
	at org.testng.TestNG.run(TestNG.java:1115)
	at org.apache.maven.surefire.testng.TestNGExecutor.run(TestNGExecutor.java:283)
	at org.apache.maven.surefire.testng.TestNGXmlTestSuite.execute(TestNGXmlTestSuite.java:75)
	at org.apache.maven.surefire.testng.TestNGProvider.invoke(TestNGProvider.java:120)
	at org.apache.maven.surefire.booter.ForkedBooter.invokeProviderInSameClassLoader(ForkedBooter.java:386)
	at org.apache.maven.surefire.booter.ForkedBooter.runSuitesInProcess(ForkedBooter.java:323)
	at org.apache.maven.surefire.booter.ForkedBooter.main(ForkedBooter.java:143)
]]>
            </full-stacktrace>
          </exception> <!-- java.lang.AssertionError -->
          <reporter-output>
          </reporter-output>
        </test-method> <!-- VerifycampusLogoTest -->
        <test-method status="PASS" signature="tearDown()[pri:0, instance:com.campus.qa.testcases.LoginPageTest@791cbf87]" name="tearDown" is-config="true" duration-ms="864" started-at="2019-09-11T11:49:38Z" finished-at="2019-09-11T11:49:39Z">
          <reporter-output>
          </reporter-output>
        </test-method> <!-- tearDown -->
        <test-method status="PASS" signature="setUp()[pri:0, instance:com.campus.qa.testcases.LoginPageTest@791cbf87]" name="setUp" is-config="true" duration-ms="11528" started-at="2019-09-11T11:53:39Z" finished-at="2019-09-11T11:53:50Z">
          <reporter-output>
          </reporter-output>
        </test-method> <!-- setUp -->
        <test-method status="FAIL" signature="VerifyclickLoginnowTest()[pri:3, instance:com.campus.qa.testcases.LoginPageTest@791cbf87]" name="VerifyclickLoginnowTest" duration-ms="21865" started-at="2019-09-11T11:53:50Z" finished-at="2019-09-11T11:54:12Z">
          <exception class="org.openqa.selenium.ElementNotInteractableException">
            <message>
              <![CDATA[element not interactable
  (Session info: chrome=76.0.3809.132)
Build info: version: '3.14.0', revision: 'aacccce0', time: '2018-08-02T20:19:58.91Z'
System info: host: 'DESKTOP-AL9GHFP', ip: '10.0.75.1', os.name: 'Windows 10', os.arch: 'amd64', os.version: '10.0', java.version: '1.8.0_221'
Driver info: org.openqa.selenium.chrome.ChromeDriver
Capabilities {acceptInsecureCerts: false, browserName: chrome, browserVersion: 76.0.3809.132, chrome: {chromedriverVersion: 75.0.3770.90 (a6dcaf7e3ec6f..., userDataDir: C:\Users\dell\AppData\Local...}, goog:chromeOptions: {debuggerAddress: localhost:55507}, javascriptEnabled: true, networkConnectionEnabled: false, pageLoadStrategy: normal, platform: XP, platformName: XP, proxy: Proxy(), setWindowRect: true, strictFileInteractability: false, timeouts: {implicit: 0, pageLoad: 300000, script: 30000}, unhandledPromptBehavior: dismiss and notify}
Session ID: d123affeb89466d4c64c0c6022e56215]]>
            </message>
            <full-stacktrace>
              <![CDATA[org.openqa.selenium.ElementNotInteractableException: element not interactable
  (Session info: chrome=76.0.3809.132)
Build info: version: '3.14.0', revision: 'aacccce0', time: '2018-08-02T20:19:58.91Z'
System info: host: 'DESKTOP-AL9GHFP', ip: '10.0.75.1', os.name: 'Windows 10', os.arch: 'amd64', os.version: '10.0', java.version: '1.8.0_221'
Driver info: org.openqa.selenium.chrome.ChromeDriver
Capabilities {acceptInsecureCerts: false, browserName: chrome, browserVersion: 76.0.3809.132, chrome: {chromedriverVersion: 75.0.3770.90 (a6dcaf7e3ec6f..., userDataDir: C:\Users\dell\AppData\Local...}, goog:chromeOptions: {debuggerAddress: localhost:55507}, javascriptEnabled: true, networkConnectionEnabled: false, pageLoadStrategy: normal, platform: XP, platformName: XP, proxy: Proxy(), setWindowRect: true, strictFileInteractability: false, timeouts: {implicit: 0, pageLoad: 300000, script: 30000}, unhandledPromptBehavior: dismiss and notify}
Session ID: d123affeb89466d4c64c0c6022e56215
	at sun.reflect.NativeConstructorAccessorImpl.newInstance0(Native Method)
	at sun.reflect.NativeConstructorAccessorImpl.newInstance(NativeConstructorAccessorImpl.java:62)
	at sun.reflect.DelegatingConstructorAccessorImpl.newInstance(DelegatingConstructorAccessorImpl.java:45)
	at java.lang.reflect.Constructor.newInstance(Constructor.java:423)
	at org.openqa.selenium.remote.http.W3CHttpResponseCodec.createException(W3CHttpResponseCodec.java:187)
	at org.openqa.selenium.remote.http.W3CHttpResponseCodec.decode(W3CHttpResponseCodec.java:122)
	at org.openqa.selenium.remote.http.W3CHttpResponseCodec.decode(W3CHttpResponseCodec.java:49)
	at org.openqa.selenium.remote.HttpCommandExecutor.execute(HttpCommandExecutor.java:158)
	at org.openqa.selenium.remote.service.DriverCommandExecutor.execute(DriverCommandExecutor.java:83)
	at org.openqa.selenium.remote.RemoteWebDriver.execute(RemoteWebDriver.java:548)
	at org.openqa.selenium.remote.RemoteWebElement.execute(RemoteWebElement.java:276)
	at org.openqa.selenium.remote.RemoteWebElement.click(RemoteWebElement.java:83)
	at sun.reflect.GeneratedMethodAccessor16.invoke(Unknown Source)
	at sun.reflect.DelegatingMethodAccessorImpl.invoke(DelegatingMethodAccessorImpl.java:43)
	at java.lang.reflect.Method.invoke(Method.java:498)
	at org.openqa.selenium.support.events.EventFiringWebDriver$EventFiringWebElement.lambda$new$0(EventFiringWebDriver.java:403)
	at com.sun.proxy.$Proxy27.click(Unknown Source)
	at org.openqa.selenium.support.events.EventFiringWebDriver$EventFiringWebElement.click(EventFiringWebDriver.java:416)
	at sun.reflect.GeneratedMethodAccessor16.invoke(Unknown Source)
	at sun.reflect.DelegatingMethodAccessorImpl.invoke(DelegatingMethodAccessorImpl.java:43)
	at java.lang.reflect.Method.invoke(Method.java:498)
	at org.openqa.selenium.support.pagefactory.internal.LocatingElementHandler.invoke(LocatingElementHandler.java:51)
	at com.sun.proxy.$Proxy17.click(Unknown Source)
	at com.campusOil.qa.pages.LoginPage.clickLoginnowButton(LoginPage.java:50)
	at com.campus.qa.testcases.LoginPageTest.VerifyclickLoginnowTest(LoginPageTest.java:66)
	at sun.reflect.NativeMethodAccessorImpl.invoke0(Native Method)
	at sun.reflect.NativeMethodAccessorImpl.invoke(NativeMethodAccessorImpl.java:62)
	at sun.reflect.DelegatingMethodAccessorImpl.invoke(DelegatingMethodAccessorImpl.java:43)
	at java.lang.reflect.Method.invoke(Method.java:498)
	at org.testng.internal.MethodInvocationHelper.invokeMethod(MethodInvocationHelper.java:108)
	at org.testng.internal.Invoker.invokeMethod(Invoker.java:661)
	at org.testng.internal.Invoker.invokeTestMethod(Invoker.java:869)
	at org.testng.internal.Invoker.invokeTestMethods(Invoker.java:1193)
	at org.testng.internal.TestMethodWorker.invokeTestMethods(TestMethodWorker.java:126)
	at org.testng.internal.TestMethodWorker.run(TestMethodWorker.java:109)
	at org.testng.TestRunner.privateRun(TestRunner.java:744)
	at org.testng.TestRunner.run(TestRunner.java:602)
	at org.testng.SuiteRunner.runTest(SuiteRunner.java:380)
	at org.testng.SuiteRunner.runSequentially(SuiteRunner.java:375)
	at org.testng.SuiteRunner.privateRun(SuiteRunner.java:340)
	at org.testng.SuiteRunner.run(SuiteRunner.java:289)
	at org.testng.SuiteRunnerWorker.runSuite(SuiteRunnerWorker.java:52)
	at org.testng.SuiteRunnerWorker.run(SuiteRunnerWorker.java:86)
	at org.testng.TestNG.runSuitesSequentially(TestNG.java:1301)
	at org.testng.TestNG.runSuitesLocally(TestNG.java:1226)
	at org.testng.TestNG.runSuites(TestNG.java:1144)
	at org.testng.TestNG.run(TestNG.java:1115)
	at org.apache.maven.surefire.testng.TestNGExecutor.run(TestNGExecutor.java:283)
	at org.apache.maven.surefire.testng.TestNGXmlTestSuite.execute(TestNGXmlTestSuite.java:75)
	at org.apache.maven.surefire.testng.TestNGProvider.invoke(TestNGProvider.java:120)
	at org.apache.maven.surefire.booter.ForkedBooter.invokeProviderInSameClassLoader(ForkedBooter.java:386)
	at org.apache.maven.surefire.booter.ForkedBooter.runSuitesInProcess(ForkedBooter.java:323)
	at org.apache.maven.surefire.booter.ForkedBooter.main(ForkedBooter.java:143)
]]>
            </full-stacktrace>
          </exception> <!-- org.openqa.selenium.ElementNotInteractableException -->
          <reporter-output>
          </reporter-output>
        </test-method> <!-- VerifyclickLoginnowTest -->
        <test-method status="PASS" signature="tearDown()[pri:0, instance:com.campus.qa.testcases.LoginPageTest@791cbf87]" name="tearDown" is-config="true" duration-ms="876" started-at="2019-09-11T11:54:15Z" finished-at="2019-09-11T11:54:16Z">
          <reporter-output>
          </reporter-output>
        </test-method> <!-- tearDown -->
        <test-method status="PASS" signature="setUp()[pri:0, instance:com.campus.qa.testcases.LoginPageTest@791cbf87]" name="setUp" is-config="true" duration-ms="10237" started-at="2019-09-11T11:54:33Z" finished-at="2019-09-11T11:54:43Z">
          <reporter-output>
          </reporter-output>
        </test-method> <!-- setUp -->
        <test-method status="FAIL" signature="VerifyloginTest()[pri:4, instance:com.campus.qa.testcases.LoginPageTest@791cbf87]" name="VerifyloginTest" duration-ms="22064" started-at="2019-09-11T11:54:43Z" finished-at="2019-09-11T11:55:05Z">
          <exception class="org.openqa.selenium.ElementNotInteractableException">
            <message>
              <![CDATA[element not interactable
  (Session info: chrome=76.0.3809.132)
Build info: version: '3.14.0', revision: 'aacccce0', time: '2018-08-02T20:19:58.91Z'
System info: host: 'DESKTOP-AL9GHFP', ip: '10.0.75.1', os.name: 'Windows 10', os.arch: 'amd64', os.version: '10.0', java.version: '1.8.0_221'
Driver info: org.openqa.selenium.chrome.ChromeDriver
Capabilities {acceptInsecureCerts: false, browserName: chrome, browserVersion: 76.0.3809.132, chrome: {chromedriverVersion: 75.0.3770.90 (a6dcaf7e3ec6f..., userDataDir: C:\Users\dell\AppData\Local...}, goog:chromeOptions: {debuggerAddress: localhost:55610}, javascriptEnabled: true, networkConnectionEnabled: false, pageLoadStrategy: normal, platform: XP, platformName: XP, proxy: Proxy(), setWindowRect: true, strictFileInteractability: false, timeouts: {implicit: 0, pageLoad: 300000, script: 30000}, unhandledPromptBehavior: dismiss and notify}
Session ID: 6c6e7bc0f35d6433072fda1b40784811]]>
            </message>
            <full-stacktrace>
              <![CDATA[org.openqa.selenium.ElementNotInteractableException: element not interactable
  (Session info: chrome=76.0.3809.132)
Build info: version: '3.14.0', revision: 'aacccce0', time: '2018-08-02T20:19:58.91Z'
System info: host: 'DESKTOP-AL9GHFP', ip: '10.0.75.1', os.name: 'Windows 10', os.arch: 'amd64', os.version: '10.0', java.version: '1.8.0_221'
Driver info: org.openqa.selenium.chrome.ChromeDriver
Capabilities {acceptInsecureCerts: false, browserName: chrome, browserVersion: 76.0.3809.132, chrome: {chromedriverVersion: 75.0.3770.90 (a6dcaf7e3ec6f..., userDataDir: C:\Users\dell\AppData\Local...}, goog:chromeOptions: {debuggerAddress: localhost:55610}, javascriptEnabled: true, networkConnectionEnabled: false, pageLoadStrategy: normal, platform: XP, platformName: XP, proxy: Proxy(), setWindowRect: true, strictFileInteractability: false, timeouts: {implicit: 0, pageLoad: 300000, script: 30000}, unhandledPromptBehavior: dismiss and notify}
Session ID: 6c6e7bc0f35d6433072fda1b40784811
	at sun.reflect.NativeConstructorAccessorImpl.newInstance0(Native Method)
	at sun.reflect.NativeConstructorAccessorImpl.newInstance(NativeConstructorAccessorImpl.java:62)
	at sun.reflect.DelegatingConstructorAccessorImpl.newInstance(DelegatingConstructorAccessorImpl.java:45)
	at java.lang.reflect.Constructor.newInstance(Constructor.java:423)
	at org.openqa.selenium.remote.http.W3CHttpResponseCodec.createException(W3CHttpResponseCodec.java:187)
	at org.openqa.selenium.remote.http.W3CHttpResponseCodec.decode(W3CHttpResponseCodec.java:122)
	at org.openqa.selenium.remote.http.W3CHttpResponseCodec.decode(W3CHttpResponseCodec.java:49)
	at org.openqa.selenium.remote.HttpCommandExecutor.execute(HttpCommandExecutor.java:158)
	at org.openqa.selenium.remote.service.DriverCommandExecutor.execute(DriverCommandExecutor.java:83)
	at org.openqa.selenium.remote.RemoteWebDriver.execute(RemoteWebDriver.java:548)
	at org.openqa.selenium.remote.RemoteWebElement.execute(RemoteWebElement.java:276)
	at org.openqa.selenium.remote.RemoteWebElement.click(RemoteWebElement.java:83)
	at sun.reflect.GeneratedMethodAccessor16.invoke(Unknown Source)
	at sun.reflect.DelegatingMethodAccessorImpl.invoke(DelegatingMethodAccessorImpl.java:43)
	at java.lang.reflect.Method.invoke(Method.java:498)
	at org.openqa.selenium.support.events.EventFiringWebDriver$EventFiringWebElement.lambda$new$0(EventFiringWebDriver.java:403)
	at com.sun.proxy.$Proxy27.click(Unknown Source)
	at org.openqa.selenium.support.events.EventFiringWebDriver$EventFiringWebElement.click(EventFiringWebDriver.java:416)
	at sun.reflect.GeneratedMethodAccessor16.invoke(Unknown Source)
	at sun.reflect.DelegatingMethodAccessorImpl.invoke(DelegatingMethodAccessorImpl.java:43)
	at java.lang.reflect.Method.invoke(Method.java:498)
	at org.openqa.selenium.support.pagefactory.internal.LocatingElementHandler.invoke(LocatingElementHandler.java:51)
	at com.sun.proxy.$Proxy17.click(Unknown Source)
	at com.campusOil.qa.pages.LoginPage.clickLoginnowButton(LoginPage.java:50)
	at com.campus.qa.testcases.LoginPageTest.VerifyloginTest(LoginPageTest.java:73)
	at sun.reflect.NativeMethodAccessorImpl.invoke0(Native Method)
	at sun.reflect.NativeMethodAccessorImpl.invoke(NativeMethodAccessorImpl.java:62)
	at sun.reflect.DelegatingMethodAccessorImpl.invoke(DelegatingMethodAccessorImpl.java:43)
	at java.lang.reflect.Method.invoke(Method.java:498)
	at org.testng.internal.MethodInvocationHelper.invokeMethod(MethodInvocationHelper.java:108)
	at org.testng.internal.Invoker.invokeMethod(Invoker.java:661)
	at org.testng.internal.Invoker.invokeTestMethod(Invoker.java:869)
	at org.testng.internal.Invoker.invokeTestMethods(Invoker.java:1193)
	at org.testng.internal.TestMethodWorker.invokeTestMethods(TestMethodWorker.java:126)
	at org.testng.internal.TestMethodWorker.run(TestMethodWorker.java:109)
	at org.testng.TestRunner.privateRun(TestRunner.java:744)
	at org.testng.TestRunner.run(TestRunner.java:602)
	at org.testng.SuiteRunner.runTest(SuiteRunner.java:380)
	at org.testng.SuiteRunner.runSequentially(SuiteRunner.java:375)
	at org.testng.SuiteRunner.privateRun(SuiteRunner.java:340)
	at org.testng.SuiteRunner.run(SuiteRunner.java:289)
	at org.testng.SuiteRunnerWorker.runSuite(SuiteRunnerWorker.java:52)
	at org.testng.SuiteRunnerWorker.run(SuiteRunnerWorker.java:86)
	at org.testng.TestNG.runSuitesSequentially(TestNG.java:1301)
	at org.testng.TestNG.runSuitesLocally(TestNG.java:1226)
	at org.testng.TestNG.runSuites(TestNG.java:1144)
	at org.testng.TestNG.run(TestNG.java:1115)
	at org.apache.maven.surefire.testng.TestNGExecutor.run(TestNGExecutor.java:283)
	at org.apache.maven.surefire.testng.TestNGXmlTestSuite.execute(TestNGXmlTestSuite.java:75)
	at org.apache.maven.surefire.testng.TestNGProvider.invoke(TestNGProvider.java:120)
	at org.apache.maven.surefire.booter.ForkedBooter.invokeProviderInSameClassLoader(ForkedBooter.java:386)
	at org.apache.maven.surefire.booter.ForkedBooter.runSuitesInProcess(ForkedBooter.java:323)
	at org.apache.maven.surefire.booter.ForkedBooter.main(ForkedBooter.java:143)
]]>
            </full-stacktrace>
          </exception> <!-- org.openqa.selenium.ElementNotInteractableException -->
          <reporter-output>
          </reporter-output>
        </test-method> <!-- VerifyloginTest -->
        <test-method status="PASS" signature="tearDown()[pri:0, instance:com.campus.qa.testcases.LoginPageTest@791cbf87]" name="tearDown" is-config="true" duration-ms="1095" started-at="2019-09-11T11:55:09Z" finished-at="2019-09-11T11:55:10Z">
          <reporter-output>
          </reporter-output>
        </test-method> <!-- tearDown -->
      </class> <!-- com.campus.qa.testcases.LoginPageTest -->
    </test> <!-- Automated Test Run -->
  </suite> <!-- Campus Oil Test Automation Suite -->
</testng-results>
