<?xml version="1.0" encoding="UTF-8"?>
<!-- Generated by org.testng.reporters.JUnitXMLReporter -->
<testsuite hostname="DESKTOP-AL9GHFP" ignored="0" name="Automated Test Run" tests="4" failures="2" timestamp="04 Sep 2019 11:28:59 GMT" time="108.471" errors="0">
  <testcase name="VerifyloginPageTitleTest" time="0.086" classname="com.campus.qa.testcases.LoginPageTest">
    <failure type="java.lang.AssertionError" message="expected [Order Heating Oil Online Buy Heating Oil Ireland] but found [Order Home Heating Oil Online Buy Heating Oil Ireland]">
      <![CDATA[java.lang.AssertionError: expected [Order Heating Oil Online Buy Heating Oil Ireland] but found [Order Home Heating Oil Online Buy Heating Oil Ireland]
	at com.campus.qa.testcases.LoginPageTest.VerifyloginPageTitleTest(LoginPageTest.java:53)
... Removed 31 stack frames]]>
    </failure>
  </testcase> <!-- VerifyloginPageTitleTest -->
  <testcase name="VerifycampusLogoTest" time="0.144" classname="com.campus.qa.testcases.LoginPageTest"/>
  <testcase name="VerifyclickLoginnowTest" time="2.154" classname="com.campus.qa.testcases.LoginPageTest"/>
  <testcase name="VerifyloginTest" time="24.482" classname="com.campus.qa.testcases.LoginPageTest">
    <failure type="org.openqa.selenium.NoSuchElementException" message="Unable to locate element: //div[contains(@class,&amp;apos;page-header-background&amp;apos;)]//p[contains(@class,&amp;apos;pseudo-h1&amp;apos;)][contains(text(),&amp;apos;MY ACCOUNT&amp;apos;)]
For documentation on this error, please visit: http://seleniumhq.org/exceptions/no_such_element.html
Build info: version: &amp;apos;3.14.0&amp;apos;, revision: &amp;apos;aacccce0&amp;apos;, time: &amp;apos;2018-08-02T20:19:58.91Z&amp;apos;
System info: host: &amp;apos;DESKTOP-AL9GHFP&amp;apos;, ip: &amp;apos;10.0.75.1&amp;apos;, os.name: &amp;apos;Windows 10&amp;apos;, os.arch: &amp;apos;amd64&amp;apos;, os.version: &amp;apos;10.0&amp;apos;, java.version: &amp;apos;1.8.0_172&amp;apos;
Driver info: org.openqa.selenium.firefox.FirefoxDriver
Capabilities {acceptInsecureCerts: true, browserName: firefox, browserVersion: 68.0.1, javascriptEnabled: true, moz:accessibilityChecks: false, moz:buildID: 20190717172542, moz:geckodriverVersion: 0.24.0, moz:headless: false, moz:processID: 9432, moz:profile: C:\Users\dell\AppData\Local..., moz:shutdownTimeout: 60000, moz:useNonSpecCompliantPointerOrigin: false, moz:webdriverClick: true, pageLoadStrategy: normal, platform: WINDOWS, platformName: WINDOWS, platformVersion: 10.0, rotatable: false, setWindowRect: true, strictFileInteractability: false, timeouts: {implicit: 0, pageLoad: 300000, script: 30000}, unhandledPromptBehavior: dismiss and notify}
Session ID: d3e3f5bc-32ea-4952-a166-abd7de9d5fce
*** Element info: {Using=xpath, value=//div[contains(@class,&amp;apos;page-header-background&amp;apos;)]//p[contains(@class,&amp;apos;pseudo-h1&amp;apos;)][contains(text(),&amp;apos;MY ACCOUNT&amp;apos;)]}">
      <![CDATA[org.openqa.selenium.NoSuchElementException: Unable to locate element: //div[contains(@class,'page-header-background')]//p[contains(@class,'pseudo-h1')][contains(text(),'MY ACCOUNT')]
For documentation on this error, please visit: http://seleniumhq.org/exceptions/no_such_element.html
Build info: version: '3.14.0', revision: 'aacccce0', time: '2018-08-02T20:19:58.91Z'
System info: host: 'DESKTOP-AL9GHFP', ip: '10.0.75.1', os.name: 'Windows 10', os.arch: 'amd64', os.version: '10.0', java.version: '1.8.0_172'
Driver info: org.openqa.selenium.firefox.FirefoxDriver
Capabilities {acceptInsecureCerts: true, browserName: firefox, browserVersion: 68.0.1, javascriptEnabled: true, moz:accessibilityChecks: false, moz:buildID: 20190717172542, moz:geckodriverVersion: 0.24.0, moz:headless: false, moz:processID: 9432, moz:profile: C:\Users\dell\AppData\Local..., moz:shutdownTimeout: 60000, moz:useNonSpecCompliantPointerOrigin: false, moz:webdriverClick: true, pageLoadStrategy: normal, platform: WINDOWS, platformName: WINDOWS, platformVersion: 10.0, rotatable: false, setWindowRect: true, strictFileInteractability: false, timeouts: {implicit: 0, pageLoad: 300000, script: 30000}, unhandledPromptBehavior: dismiss and notify}
Session ID: d3e3f5bc-32ea-4952-a166-abd7de9d5fce
*** Element info: {Using=xpath, value=//div[contains(@class,'page-header-background')]//p[contains(@class,'pseudo-h1')][contains(text(),'MY ACCOUNT')]}
	at org.openqa.selenium.remote.http.W3CHttpResponseCodec.createException(W3CHttpResponseCodec.java:187)
	at org.openqa.selenium.remote.http.W3CHttpResponseCodec.decode(W3CHttpResponseCodec.java:122)
	at org.openqa.selenium.remote.http.W3CHttpResponseCodec.decode(W3CHttpResponseCodec.java:49)
	at org.openqa.selenium.remote.HttpCommandExecutor.execute(HttpCommandExecutor.java:158)
	at org.openqa.selenium.remote.service.DriverCommandExecutor.execute(DriverCommandExecutor.java:83)
	at org.openqa.selenium.remote.RemoteWebDriver.execute(RemoteWebDriver.java:548)
	at org.openqa.selenium.remote.RemoteWebDriver.findElement(RemoteWebDriver.java:322)
	at org.openqa.selenium.remote.RemoteWebDriver.findElementByXPath(RemoteWebDriver.java:424)
	at org.openqa.selenium.By$ByXPath.findElement(By.java:353)
	at org.openqa.selenium.remote.RemoteWebDriver.findElement(RemoteWebDriver.java:314)
	at org.openqa.selenium.support.events.EventFiringWebDriver.lambda$new$1(EventFiringWebDriver.java:105)
	at com.sun.proxy.$Proxy9.findElement(Unknown Source)
	at org.openqa.selenium.support.events.EventFiringWebDriver.findElement(EventFiringWebDriver.java:194)
	at org.openqa.selenium.support.pagefactory.DefaultElementLocator.findElement(DefaultElementLocator.java:69)
	at org.openqa.selenium.support.pagefactory.internal.LocatingElementHandler.invoke(LocatingElementHandler.java:38)
	at com.sun.proxy.$Proxy13.isDisplayed(Unknown Source)
	at com.campusOil.qa.pages.LoginPage.validateMyAccountTitle(LoginPage.java:55)
	at com.campus.qa.testcases.LoginPageTest.VerifyloginTest(LoginPageTest.java:77)
... Removed 33 stack frames]]>
    </failure>
  </testcase> <!-- VerifyloginTest -->
</testsuite> <!-- Automated Test Run -->
