{
  "uid" : "bdd2ab3c5bf72e0",
  "name" : "VerifycampusLogoTest",
  "fullName" : "com.campus.qa.testcases.LoginPageTest.VerifycampusLogoTest",
  "historyId" : "73cf72b5a0c29b0a196428eda60a6d1f",
  "time" : {
    "start" : 1568182774711,
    "stop" : 1568182776600,
    "duration" : 1889
  },
  "status" : "failed",
  "statusMessage" : "expected [true] but found [false]",
  "statusTrace" : "java.lang.AssertionError: expected [true] but found [false]\r\n\tat org.testng.Assert.fail(Assert.java:93)\r\n\tat org.testng.Assert.failNotEquals(Assert.java:512)\r\n\tat org.testng.Assert.assertTrue(Assert.java:41)\r\n\tat org.testng.Assert.assertTrue(Assert.java:51)\r\n\tat com.campus.qa.testcases.LoginPageTest.VerifycampusLogoTest(LoginPageTest.java:60)\r\n\tat sun.reflect.NativeMethodAccessorImpl.invoke0(Native Method)\r\n\tat sun.reflect.NativeMethodAccessorImpl.invoke(NativeMethodAccessorImpl.java:62)\r\n\tat sun.reflect.DelegatingMethodAccessorImpl.invoke(DelegatingMethodAccessorImpl.java:43)\r\n\tat java.lang.reflect.Method.invoke(Method.java:498)\r\n\tat org.testng.internal.MethodInvocationHelper.invokeMethod(MethodInvocationHelper.java:108)\r\n\tat org.testng.internal.Invoker.invokeMethod(Invoker.java:661)\r\n\tat org.testng.internal.Invoker.invokeTestMethod(Invoker.java:869)\r\n\tat org.testng.internal.Invoker.invokeTestMethods(Invoker.java:1193)\r\n\tat org.testng.internal.TestMethodWorker.invokeTestMethods(TestMethodWorker.java:126)\r\n\tat org.testng.internal.TestMethodWorker.run(TestMethodWorker.java:109)\r\n\tat org.testng.TestRunner.privateRun(TestRunner.java:744)\r\n\tat org.testng.TestRunner.run(TestRunner.java:602)\r\n\tat org.testng.SuiteRunner.runTest(SuiteRunner.java:380)\r\n\tat org.testng.SuiteRunner.runSequentially(SuiteRunner.java:375)\r\n\tat org.testng.SuiteRunner.privateRun(SuiteRunner.java:340)\r\n\tat org.testng.SuiteRunner.run(SuiteRunner.java:289)\r\n\tat org.testng.SuiteRunnerWorker.runSuite(SuiteRunnerWorker.java:52)\r\n\tat org.testng.SuiteRunnerWorker.run(SuiteRunnerWorker.java:86)\r\n\tat org.testng.TestNG.runSuitesSequentially(TestNG.java:1301)\r\n\tat org.testng.TestNG.runSuitesLocally(TestNG.java:1226)\r\n\tat org.testng.TestNG.runSuites(TestNG.java:1144)\r\n\tat org.testng.TestNG.run(TestNG.java:1115)\r\n\tat org.apache.maven.surefire.testng.TestNGExecutor.run(TestNGExecutor.java:283)\r\n\tat org.apache.maven.surefire.testng.TestNGXmlTestSuite.execute(TestNGXmlTestSuite.java:75)\r\n\tat org.apache.maven.surefire.testng.TestNGProvider.invoke(TestNGProvider.java:120)\r\n\tat org.apache.maven.surefire.booter.ForkedBooter.invokeProviderInSameClassLoader(ForkedBooter.java:386)\r\n\tat org.apache.maven.surefire.booter.ForkedBooter.runSuitesInProcess(ForkedBooter.java:323)\r\n\tat org.apache.maven.surefire.booter.ForkedBooter.main(ForkedBooter.java:143)\r\n",
  "flaky" : false,
  "newFailed" : false,
  "beforeStages" : [ {
    "name" : "setUp",
    "time" : {
      "start" : 1568182762218,
      "stop" : 1568182774705,
      "duration" : 12487
    },
    "description" : "",
    "status" : "passed",
    "steps" : [ ],
    "attachments" : [ ],
    "parameters" : [ ],
    "stepsCount" : 0,
    "hasContent" : false,
    "attachmentsCount" : 0,
    "shouldDisplayMessage" : false
  }, {
    "name" : "startsuite",
    "time" : {
      "start" : 1568182452892,
      "stop" : 1568182453080,
      "duration" : 188
    },
    "description" : "",
    "status" : "passed",
    "steps" : [ ],
    "attachments" : [ ],
    "parameters" : [ ],
    "stepsCount" : 0,
    "hasContent" : false,
    "attachmentsCount" : 0,
    "shouldDisplayMessage" : false
  } ],
  "testStage" : {
    "status" : "failed",
    "statusMessage" : "expected [true] but found [false]",
    "statusTrace" : "java.lang.AssertionError: expected [true] but found [false]\r\n\tat org.testng.Assert.fail(Assert.java:93)\r\n\tat org.testng.Assert.failNotEquals(Assert.java:512)\r\n\tat org.testng.Assert.assertTrue(Assert.java:41)\r\n\tat org.testng.Assert.assertTrue(Assert.java:51)\r\n\tat com.campus.qa.testcases.LoginPageTest.VerifycampusLogoTest(LoginPageTest.java:60)\r\n\tat sun.reflect.NativeMethodAccessorImpl.invoke0(Native Method)\r\n\tat sun.reflect.NativeMethodAccessorImpl.invoke(NativeMethodAccessorImpl.java:62)\r\n\tat sun.reflect.DelegatingMethodAccessorImpl.invoke(DelegatingMethodAccessorImpl.java:43)\r\n\tat java.lang.reflect.Method.invoke(Method.java:498)\r\n\tat org.testng.internal.MethodInvocationHelper.invokeMethod(MethodInvocationHelper.java:108)\r\n\tat org.testng.internal.Invoker.invokeMethod(Invoker.java:661)\r\n\tat org.testng.internal.Invoker.invokeTestMethod(Invoker.java:869)\r\n\tat org.testng.internal.Invoker.invokeTestMethods(Invoker.java:1193)\r\n\tat org.testng.internal.TestMethodWorker.invokeTestMethods(TestMethodWorker.java:126)\r\n\tat org.testng.internal.TestMethodWorker.run(TestMethodWorker.java:109)\r\n\tat org.testng.TestRunner.privateRun(TestRunner.java:744)\r\n\tat org.testng.TestRunner.run(TestRunner.java:602)\r\n\tat org.testng.SuiteRunner.runTest(SuiteRunner.java:380)\r\n\tat org.testng.SuiteRunner.runSequentially(SuiteRunner.java:375)\r\n\tat org.testng.SuiteRunner.privateRun(SuiteRunner.java:340)\r\n\tat org.testng.SuiteRunner.run(SuiteRunner.java:289)\r\n\tat org.testng.SuiteRunnerWorker.runSuite(SuiteRunnerWorker.java:52)\r\n\tat org.testng.SuiteRunnerWorker.run(SuiteRunnerWorker.java:86)\r\n\tat org.testng.TestNG.runSuitesSequentially(TestNG.java:1301)\r\n\tat org.testng.TestNG.runSuitesLocally(TestNG.java:1226)\r\n\tat org.testng.TestNG.runSuites(TestNG.java:1144)\r\n\tat org.testng.TestNG.run(TestNG.java:1115)\r\n\tat org.apache.maven.surefire.testng.TestNGExecutor.run(TestNGExecutor.java:283)\r\n\tat org.apache.maven.surefire.testng.TestNGXmlTestSuite.execute(TestNGXmlTestSuite.java:75)\r\n\tat org.apache.maven.surefire.testng.TestNGProvider.invoke(TestNGProvider.java:120)\r\n\tat org.apache.maven.surefire.booter.ForkedBooter.invokeProviderInSameClassLoader(ForkedBooter.java:386)\r\n\tat org.apache.maven.surefire.booter.ForkedBooter.runSuitesInProcess(ForkedBooter.java:323)\r\n\tat org.apache.maven.surefire.booter.ForkedBooter.main(ForkedBooter.java:143)\r\n",
    "steps" : [ ],
    "attachments" : [ {
      "uid" : "b9e25ecc78744eb0",
      "name" : "Page screenshot",
      "source" : "b9e25ecc78744eb0.png",
      "type" : "image/png",
      "size" : 908450
    }, {
      "uid" : "85785f2f028b635f",
      "name" : "VerifycampusLogoTest failed and screenshot taken!",
      "source" : "85785f2f028b635f.txt",
      "type" : "text/plain",
      "size" : 49
    } ],
    "parameters" : [ ],
    "stepsCount" : 0,
    "hasContent" : true,
    "attachmentsCount" : 2,
    "shouldDisplayMessage" : true
  },
  "afterStages" : [ {
    "name" : "tearDown",
    "time" : {
      "start" : 1568182778228,
      "stop" : 1568182779090,
      "duration" : 862
    },
    "description" : "",
    "status" : "passed",
    "steps" : [ ],
    "attachments" : [ ],
    "parameters" : [ ],
    "stepsCount" : 0,
    "hasContent" : false,
    "attachmentsCount" : 0,
    "shouldDisplayMessage" : false
  }, {
    "name" : "endSuite",
    "time" : {
      "start" : 1568183176677,
      "stop" : 1568183176677,
      "duration" : 0
    },
    "description" : "",
    "status" : "passed",
    "steps" : [ ],
    "attachments" : [ ],
    "parameters" : [ ],
    "stepsCount" : 0,
    "hasContent" : false,
    "attachmentsCount" : 0,
    "shouldDisplayMessage" : false
  } ],
  "labels" : [ {
    "name" : "package",
    "value" : "com.campus.qa.testcases.LoginPageTest"
  }, {
    "name" : "testClass",
    "value" : "com.campus.qa.testcases.LoginPageTest"
  }, {
    "name" : "testMethod",
    "value" : "VerifycampusLogoTest"
  }, {
    "name" : "parentSuite",
    "value" : "Campus Oil Test Automation Suite"
  }, {
    "name" : "suite",
    "value" : "Automated Test Run"
  }, {
    "name" : "subSuite",
    "value" : "com.campus.qa.testcases.LoginPageTest"
  }, {
    "name" : "host",
    "value" : "DESKTOP-AL9GHFP"
  }, {
    "name" : "thread",
    "value" : "7580@DESKTOP-AL9GHFP.main(1)"
  }, {
    "name" : "framework",
    "value" : "testng"
  }, {
    "name" : "language",
    "value" : "java"
  }, {
    "name" : "resultFormat",
    "value" : "allure2"
  } ],
  "parameters" : [ ],
  "links" : [ ],
  "hidden" : false,
  "retry" : false,
  "extra" : {
    "severity" : "normal",
    "retries" : [ {
      "uid" : "f699fc7295522091",
      "status" : "skipped",
      "statusDetails" : "java.lang.NullPointerException",
      "time" : {
        "start" : 1568041175485,
        "stop" : 1568041175488,
        "duration" : 3
      }
    }, {
      "uid" : "fd1ec845a5fd82d1",
      "status" : "skipped",
      "statusDetails" : "java.lang.NullPointerException",
      "time" : {
        "start" : 1568041114917,
        "stop" : 1568041114923,
        "duration" : 6
      }
    }, {
      "uid" : "d251a42f8c41e263",
      "status" : "passed",
      "time" : {
        "start" : 1568023094304,
        "stop" : 1568023094567,
        "duration" : 263
      }
    }, {
      "uid" : "3cc3dff49b45ca42",
      "status" : "passed",
      "time" : {
        "start" : 1567775488481,
        "stop" : 1567775488699,
        "duration" : 218
      }
    }, {
      "uid" : "5389ec6f7705de24",
      "status" : "passed",
      "time" : {
        "start" : 1567606549011,
        "stop" : 1567606549271,
        "duration" : 260
      }
    }, {
      "uid" : "1606d225cc334eef",
      "status" : "passed",
      "time" : {
        "start" : 1567596473206,
        "stop" : 1567596473347,
        "duration" : 141
      }
    }, {
      "uid" : "3d9afc989e40ae4c",
      "status" : "failed",
      "statusDetails" : "expected [true] but found [false]",
      "time" : {
        "start" : 1567595832882,
        "stop" : 1567595836279,
        "duration" : 3397
      }
    }, {
      "uid" : "cb60b5af4963627b",
      "status" : "failed",
      "statusDetails" : "expected [true] but found [false]",
      "time" : {
        "start" : 1567592334433,
        "stop" : 1567592340820,
        "duration" : 6387
      }
    }, {
      "uid" : "1541239f96cc73f5",
      "status" : "skipped",
      "statusDetails" : "java.lang.NullPointerException",
      "time" : {
        "start" : 1567592168169,
        "stop" : 1567592168170,
        "duration" : 1
      }
    }, {
      "uid" : "9a84f28ed2b54030",
      "status" : "failed",
      "statusDetails" : "expected [true] but found [false]",
      "time" : {
        "start" : 1567588343672,
        "stop" : 1567588347281,
        "duration" : 3609
      }
    }, {
      "uid" : "4f0330752ba457e4",
      "status" : "skipped",
      "statusDetails" : "java.lang.NullPointerException",
      "time" : {
        "start" : 1567587938110,
        "stop" : 1567587938110,
        "duration" : 0
      }
    }, {
      "uid" : "f87971b93e86e4bb",
      "status" : "failed",
      "statusDetails" : "expected [true] but found [false]",
      "time" : {
        "start" : 1567581329720,
        "stop" : 1567581331551,
        "duration" : 1831
      }
    }, {
      "uid" : "b4bd37025551a3d2",
      "status" : "failed",
      "statusDetails" : "expected [true] but found [false]",
      "time" : {
        "start" : 1567580857028,
        "stop" : 1567580858785,
        "duration" : 1757
      }
    }, {
      "uid" : "86902c57d00f5bba",
      "status" : "failed",
      "statusDetails" : "expected [true] but found [false]",
      "time" : {
        "start" : 1567523172474,
        "stop" : 1567523175491,
        "duration" : 3017
      }
    }, {
      "uid" : "a959cd21b9baabdd",
      "status" : "passed",
      "time" : {
        "start" : 1566984979837,
        "stop" : 1566984980117,
        "duration" : 280
      }
    }, {
      "uid" : "5d9e8e7828937e31",
      "status" : "passed",
      "time" : {
        "start" : 1566984557170,
        "stop" : 1566984557345,
        "duration" : 175
      }
    } ],
    "categories" : [ {
      "name" : "Product defects",
      "matchedStatuses" : [ ],
      "flaky" : false
    } ],
    "tags" : [ ]
  },
  "source" : "bdd2ab3c5bf72e0.json",
  "parameterValues" : [ ]
}